This is pdfTeX, Version 3.14159265-2.6-1.40.21 (TeX Live 2020/W32TeX) (preloaded format=pdflatex 2020.12.14)  20 DEC 2020 23:20
entering extended mode
 restricted \write18 enabled.
 %&-line parsing enabled.
**HCC.tex
(./HCC.tex
LaTeX2e <2020-10-01> patch level 2
L3 programming layer <2020-12-07> xparse <2020-03-03> (c:/Users/alvar/AppData/R
oaming/TinyTeX/texmf-dist/tex/latex/base/article.cls
Document Class: article 2020/04/10 v1.4m Standard LaTeX document class
(c:/Users/alvar/AppData/Roaming/TinyTeX/texmf-dist/tex/latex/base/size10.clo
File: size10.clo 2020/04/10 v1.4m Standard LaTeX file (size option)
)
\c@part=\count177
\c@section=\count178
\c@subsection=\count179
\c@subsubsection=\count180
\c@paragraph=\count181
\c@subparagraph=\count182
\c@figure=\count183
\c@table=\count184
\abovecaptionskip=\skip47
\belowcaptionskip=\skip48
\bibindent=\dimen138
) (c:/Users/alvar/AppData/Roaming/TinyTeX/texmf-dist/tex/latex/lm/lmodern.sty
Package: lmodern 2009/10/30 v1.6 Latin Modern Fonts
LaTeX Font Info:    Overwriting symbol font `operators' in version `normal'
(Font)                  OT1/cmr/m/n --> OT1/lmr/m/n on input line 22.
LaTeX Font Info:    Overwriting symbol font `letters' in version `normal'
(Font)                  OML/cmm/m/it --> OML/lmm/m/it on input line 23.
LaTeX Font Info:    Overwriting symbol font `symbols' in version `normal'
(Font)                  OMS/cmsy/m/n --> OMS/lmsy/m/n on input line 24.
LaTeX Font Info:    Overwriting symbol font `largesymbols' in version `normal'
(Font)                  OMX/cmex/m/n --> OMX/lmex/m/n on input line 25.
LaTeX Font Info:    Overwriting symbol font `operators' in version `bold'
(Font)                  OT1/cmr/bx/n --> OT1/lmr/bx/n on input line 26.
LaTeX Font Info:    Overwriting symbol font `letters' in version `bold'
(Font)                  OML/cmm/b/it --> OML/lmm/b/it on input line 27.
LaTeX Font Info:    Overwriting symbol font `symbols' in version `bold'
(Font)                  OMS/cmsy/b/n --> OMS/lmsy/b/n on input line 28.
LaTeX Font Info:    Overwriting symbol font `largesymbols' in version `bold'
(Font)                  OMX/cmex/m/n --> OMX/lmex/m/n on input line 29.
LaTeX Font Info:    Overwriting math alphabet `\mathbf' in version `normal'
(Font)                  OT1/cmr/bx/n --> OT1/lmr/bx/n on input line 31.
LaTeX Font Info:    Overwriting math alphabet `\mathsf' in version `normal'
(Font)                  OT1/cmss/m/n --> OT1/lmss/m/n on input line 32.
LaTeX Font Info:    Overwriting math alphabet `\mathit' in version `normal'
(Font)                  OT1/cmr/m/it --> OT1/lmr/m/it on input line 33.
LaTeX Font Info:    Overwriting math alphabet `\mathtt' in version `normal'
(Font)                  OT1/cmtt/m/n --> OT1/lmtt/m/n on input line 34.
LaTeX Font Info:    Overwriting math alphabet `\mathbf' in version `bold'
(Font)                  OT1/cmr/bx/n --> OT1/lmr/bx/n on input line 35.
LaTeX Font Info:    Overwriting math alphabet `\mathsf' in version `bold'
(Font)                  OT1/cmss/bx/n --> OT1/lmss/bx/n on input line 36.
LaTeX Font Info:    Overwriting math alphabet `\mathit' in version `bold'
(Font)                  OT1/cmr/bx/it --> OT1/lmr/bx/it on input line 37.
LaTeX Font Info:    Overwriting math alphabet `\mathtt' in version `bold'
(Font)                  OT1/cmtt/m/n --> OT1/lmtt/m/n on input line 38.
)
(c:/Users/alvar/AppData/Roaming/TinyTeX/texmf-dist/tex/latex/amsfonts/amssymb.s
ty
Package: amssymb 2013/01/14 v3.01 AMS font symbols

(c:/Users/alvar/AppData/Roaming/TinyTeX/texmf-dist/tex/latex/amsfonts/amsfonts.
sty
Package: amsfonts 2013/01/14 v3.01 Basic AMSFonts support
\@emptytoks=\toks15
\symAMSa=\mathgroup4
\symAMSb=\mathgroup5
LaTeX Font Info:    Redeclaring math symbol \hbar on input line 98.
LaTeX Font Info:    Overwriting math alphabet `\mathfrak' in version `bold'
(Font)                  U/euf/m/n --> U/euf/b/n on input line 106.
))
(c:/Users/alvar/AppData/Roaming/TinyTeX/texmf-dist/tex/latex/amsmath/amsmath.st
y
Package: amsmath 2020/09/23 v2.17i AMS math features
\@mathmargin=\skip49
For additional information on amsmath, use the `?' option.

(c:/Users/alvar/AppData/Roaming/TinyTeX/texmf-dist/tex/latex/amsmath/amstext.st
y
Package: amstext 2000/06/29 v2.01 AMS text

(c:/Users/alvar/AppData/Roaming/TinyTeX/texmf-dist/tex/latex/amsmath/amsgen.sty
File: amsgen.sty 1999/11/30 v2.0 generic functions
\@emptytoks=\toks16
\ex@=\dimen139
))
(c:/Users/alvar/AppData/Roaming/TinyTeX/texmf-dist/tex/latex/amsmath/amsbsy.sty
Package: amsbsy 1999/11/29 v1.2d Bold Symbols
\pmbraise@=\dimen140
)
(c:/Users/alvar/AppData/Roaming/TinyTeX/texmf-dist/tex/latex/amsmath/amsopn.sty
Package: amsopn 2016/03/08 v2.02 operator names
)
\inf@bad=\count185
LaTeX Info: Redefining \frac on input line 234.
\uproot@=\count186
\leftroot@=\count187
LaTeX Info: Redefining \overline on input line 399.
\classnum@=\count188
\DOTSCASE@=\count189
LaTeX Info: Redefining \ldots on input line 496.
LaTeX Info: Redefining \dots on input line 499.
LaTeX Info: Redefining \cdots on input line 620.
\Mathstrutbox@=\box47
\strutbox@=\box48
\big@size=\dimen141
LaTeX Font Info:    Redeclaring font encoding OML on input line 743.
LaTeX Font Info:    Redeclaring font encoding OMS on input line 744.
\macc@depth=\count190
\c@MaxMatrixCols=\count191
\dotsspace@=\muskip16
\c@parentequation=\count192
\dspbrk@lvl=\count193
\tag@help=\toks17
\row@=\count194
\column@=\count195
\maxfields@=\count196
\andhelp@=\toks18
\eqnshift@=\dimen142
\alignsep@=\dimen143
\tagshift@=\dimen144
\tagwidth@=\dimen145
\totwidth@=\dimen146
\lineht@=\dimen147
\@envbody=\toks19
\multlinegap=\skip50
\multlinetaggap=\skip51
\mathdisplay@stack=\toks20
LaTeX Info: Redefining \[ on input line 2923.
LaTeX Info: Redefining \] on input line 2924.
)
(c:/Users/alvar/AppData/Roaming/TinyTeX/texmf-dist/tex/generic/iftex/ifxetex.st
y
Package: ifxetex 2019/10/25 v0.7 ifxetex legacy package. Use iftex instead.
(c:/Users/alvar/AppData/Roaming/TinyTeX/texmf-dist/tex/generic/iftex/iftex.sty
Package: iftex 2020/03/06 v1.0d TeX engine tests
))
(c:/Users/alvar/AppData/Roaming/TinyTeX/texmf-dist/tex/generic/iftex/ifluatex.s
ty
Package: ifluatex 2019/10/25 v1.5 ifluatex legacy package. Use iftex instead.
) (c:/Users/alvar/AppData/Roaming/TinyTeX/texmf-dist/tex/latex/base/fontenc.sty
Package: fontenc 2020/08/10 v2.0s Standard LaTeX package
LaTeX Font Info:    Trying to load font information for T1+lmr on input line 11
2.
(c:/Users/alvar/AppData/Roaming/TinyTeX/texmf-dist/tex/latex/lm/t1lmr.fd
File: t1lmr.fd 2009/10/30 v1.6 Font defs for Latin Modern
)) (c:/Users/alvar/AppData/Roaming/TinyTeX/texmf-dist/tex/latex/base/inputenc.s
ty
Package: inputenc 2020/08/01 v1.3d Input encoding file
\inpenc@prehook=\toks21
\inpenc@posthook=\toks22
) (c:/Users/alvar/AppData/Roaming/TinyTeX/texmf-dist/tex/latex/base/textcomp.st
y
Package: textcomp 2020/02/02 v2.0n Standard LaTeX package
)
(c:/Users/alvar/AppData/Roaming/TinyTeX/texmf-dist/tex/latex/upquote/upquote.st
y
Package: upquote 2012/04/19 v1.3 upright-quote and grave-accent glyphs in verba
tim
) (c:/Users/alvar/AppData/Roaming/TinyTeX/texmf-dist/tex/latex/xcolor/xcolor.st
y
Package: xcolor 2016/05/11 v2.12 LaTeX color extensions (UK)

(c:/Users/alvar/AppData/Roaming/TinyTeX/texmf-dist/tex/latex/graphics-cfg/color
.cfg
File: color.cfg 2016/01/02 v1.6 sample color configuration
)
Package xcolor Info: Driver file: pdftex.def on input line 225.

(c:/Users/alvar/AppData/Roaming/TinyTeX/texmf-dist/tex/latex/graphics-def/pdfte
x.def
File: pdftex.def 2020/10/05 v1.2a Graphics/color driver for pdftex
)
Package xcolor Info: Model `cmy' substituted by `cmy0' on input line 1348.
Package xcolor Info: Model `hsb' substituted by `rgb' on input line 1352.
Package xcolor Info: Model `RGB' extended on input line 1364.
Package xcolor Info: Model `HTML' substituted by `rgb' on input line 1366.
Package xcolor Info: Model `Hsb' substituted by `hsb' on input line 1367.
Package xcolor Info: Model `tHsb' substituted by `hsb' on input line 1368.
Package xcolor Info: Model `HSB' substituted by `hsb' on input line 1369.
Package xcolor Info: Model `Gray' substituted by `gray' on input line 1370.
Package xcolor Info: Model `wave' substituted by `hsb' on input line 1371.
)
(c:/Users/alvar/AppData/Roaming/TinyTeX/texmf-dist/tex/latex/hyperref/hyperref.
sty
Package: hyperref 2020-05-15 v7.00e Hypertext links for LaTeX

(c:/Users/alvar/AppData/Roaming/TinyTeX/texmf-dist/tex/generic/ltxcmds/ltxcmds.
sty
Package: ltxcmds 2020-05-10 v1.25 LaTeX kernel commands for general use (HO)
)
(c:/Users/alvar/AppData/Roaming/TinyTeX/texmf-dist/tex/generic/pdftexcmds/pdfte
xcmds.sty
Package: pdftexcmds 2020-06-27 v0.33 Utility functions of pdfTeX for LuaTeX (HO
)

(c:/Users/alvar/AppData/Roaming/TinyTeX/texmf-dist/tex/generic/infwarerr/infwar
err.sty
Package: infwarerr 2019/12/03 v1.5 Providing info/warning/error messages (HO)
)
Package pdftexcmds Info: \pdf@primitive is available.
Package pdftexcmds Info: \pdf@ifprimitive is available.
Package pdftexcmds Info: \pdfdraftmode found.
)
(c:/Users/alvar/AppData/Roaming/TinyTeX/texmf-dist/tex/latex/graphics/keyval.st
y
Package: keyval 2014/10/28 v1.15 key=value parser (DPC)
\KV@toks@=\toks23
)
(c:/Users/alvar/AppData/Roaming/TinyTeX/texmf-dist/tex/generic/kvsetkeys/kvsetk
eys.sty
Package: kvsetkeys 2019/12/15 v1.18 Key value parser (HO)
)
(c:/Users/alvar/AppData/Roaming/TinyTeX/texmf-dist/tex/generic/kvdefinekeys/kvd
efinekeys.sty
Package: kvdefinekeys 2019-12-19 v1.6 Define keys (HO)
)
(c:/Users/alvar/AppData/Roaming/TinyTeX/texmf-dist/tex/generic/pdfescape/pdfesc
ape.sty
Package: pdfescape 2019/12/09 v1.15 Implements pdfTeX's escape features (HO)
)
(c:/Users/alvar/AppData/Roaming/TinyTeX/texmf-dist/tex/latex/hycolor/hycolor.st
y
Package: hycolor 2020-01-27 v1.10 Color options for hyperref/bookmark (HO)
)
(c:/Users/alvar/AppData/Roaming/TinyTeX/texmf-dist/tex/latex/letltxmacro/letltx
macro.sty
Package: letltxmacro 2019/12/03 v1.6 Let assignment for LaTeX macros (HO)
)
(c:/Users/alvar/AppData/Roaming/TinyTeX/texmf-dist/tex/latex/auxhook/auxhook.st
y
Package: auxhook 2019-12-17 v1.6 Hooks for auxiliary files (HO)
)
(c:/Users/alvar/AppData/Roaming/TinyTeX/texmf-dist/tex/latex/kvoptions/kvoption
s.sty
Package: kvoptions 2020-10-07 v3.14 Key value format for package options (HO)
)
\@linkdim=\dimen148
\Hy@linkcounter=\count197
\Hy@pagecounter=\count198

(c:/Users/alvar/AppData/Roaming/TinyTeX/texmf-dist/tex/latex/hyperref/pd1enc.de
f
File: pd1enc.def 2020-05-15 v7.00e Hyperref: PDFDocEncoding definition (HO)
Now handling font encoding PD1 ...
... no UTF-8 mapping file for font encoding PD1
)
(c:/Users/alvar/AppData/Roaming/TinyTeX/texmf-dist/tex/generic/intcalc/intcalc.
sty
Package: intcalc 2019/12/15 v1.3 Expandable calculations with integers (HO)
)
(c:/Users/alvar/AppData/Roaming/TinyTeX/texmf-dist/tex/generic/etexcmds/etexcmd
s.sty
Package: etexcmds 2019/12/15 v1.7 Avoid name clashes with e-TeX commands (HO)
)
\Hy@SavedSpaceFactor=\count199
Package hyperref Info: Option `unicode' set `true' on input line 4338.

(c:/Users/alvar/AppData/Roaming/TinyTeX/texmf-dist/tex/latex/hyperref/puenc.def
File: puenc.def 2020-05-15 v7.00e Hyperref: PDF Unicode definition (HO)
Now handling font encoding PU ...
... no UTF-8 mapping file for font encoding PU
)
Package hyperref Info: Hyper figures OFF on input line 4464.
Package hyperref Info: Link nesting OFF on input line 4469.
Package hyperref Info: Hyper index ON on input line 4472.
Package hyperref Info: Plain pages OFF on input line 4479.
Package hyperref Info: Backreferencing OFF on input line 4484.
Package hyperref Info: Implicit mode ON; LaTeX internals redefined.
Package hyperref Info: Bookmarks ON on input line 4717.
\c@Hy@tempcnt=\count266
(c:/Users/alvar/AppData/Roaming/TinyTeX/texmf-dist/tex/latex/url/url.sty
\Urlmuskip=\muskip17
Package: url 2013/09/16  ver 3.4  Verb mode for urls, etc.
)
LaTeX Info: Redefining \url on input line 5076.
\XeTeXLinkMargin=\dimen149

(c:/Users/alvar/AppData/Roaming/TinyTeX/texmf-dist/tex/generic/bitset/bitset.st
y
Package: bitset 2019/12/09 v1.3 Handle bit-vector datatype (HO)

(c:/Users/alvar/AppData/Roaming/TinyTeX/texmf-dist/tex/generic/bigintcalc/bigin
tcalc.sty
Package: bigintcalc 2019/12/15 v1.5 Expandable calculations on big integers (HO
)
))
\Fld@menulength=\count267
\Field@Width=\dimen150
\Fld@charsize=\dimen151
Package hyperref Info: Hyper figures OFF on input line 6347.
Package hyperref Info: Link nesting OFF on input line 6352.
Package hyperref Info: Hyper index ON on input line 6355.
Package hyperref Info: backreferencing OFF on input line 6362.
Package hyperref Info: Link coloring OFF on input line 6367.
Package hyperref Info: Link coloring with OCG OFF on input line 6372.
Package hyperref Info: PDF/A mode OFF on input line 6377.
LaTeX Info: Redefining \ref on input line 6417.
LaTeX Info: Redefining \pageref on input line 6421.

(c:/Users/alvar/AppData/Roaming/TinyTeX/texmf-dist/tex/latex/base/atbegshi-ltx.
sty
Package: atbegshi-ltx 2020/08/17 v1.0a Emulation of the original atbegshi packa
ge
with kernel methods
)
\Hy@abspage=\count268
\c@Item=\count269
\c@Hfootnote=\count270
)
Package hyperref Info: Driver (autodetected): hpdftex.

(c:/Users/alvar/AppData/Roaming/TinyTeX/texmf-dist/tex/latex/hyperref/hpdftex.d
ef
File: hpdftex.def 2020-05-15 v7.00e Hyperref driver for pdfTeX

(c:/Users/alvar/AppData/Roaming/TinyTeX/texmf-dist/tex/latex/base/atveryend-ltx
.sty
Package: atveryend-ltx 2020/08/19 v1.0a Emulation of the original atvery packag
e
with kernel methods
)
\Fld@listcount=\count271
\c@bookmark@seq@number=\count272

(c:/Users/alvar/AppData/Roaming/TinyTeX/texmf-dist/tex/latex/rerunfilecheck/rer
unfilecheck.sty
Package: rerunfilecheck 2019/12/05 v1.9 Rerun checks for auxiliary files (HO)

(c:/Users/alvar/AppData/Roaming/TinyTeX/texmf-dist/tex/generic/uniquecounter/un
iquecounter.sty
Package: uniquecounter 2019/12/15 v1.4 Provide unlimited unique counter (HO)
)
Package uniquecounter Info: New unique counter `rerunfilecheck' on input line 2
86.
)
\Hy@SectionHShift=\skip52
)
(c:/Users/alvar/AppData/Roaming/TinyTeX/texmf-dist/tex/latex/geometry/geometry.
sty
Package: geometry 2020/01/02 v5.9 Page Geometry

(c:/Users/alvar/AppData/Roaming/TinyTeX/texmf-dist/tex/generic/iftex/ifvtex.sty
Package: ifvtex 2019/10/25 v1.7 ifvtex legacy package. Use iftex instead.
)
\Gm@cnth=\count273
\Gm@cntv=\count274
\c@Gm@tempcnt=\count275
\Gm@bindingoffset=\dimen152
\Gm@wd@mp=\dimen153
\Gm@odd@mp=\dimen154
\Gm@even@mp=\dimen155
\Gm@layoutwidth=\dimen156
\Gm@layoutheight=\dimen157
\Gm@layouthoffset=\dimen158
\Gm@layoutvoffset=\dimen159
\Gm@dimlist=\toks24
)
(c:/Users/alvar/AppData/Roaming/TinyTeX/texmf-dist/tex/latex/fancyvrb/fancyvrb.
sty
Package: fancyvrb 2020/05/03 v3.6 verbatim text (tvz,hv)
\FV@CodeLineNo=\count276
\FV@InFile=\read2
\FV@TabBox=\box49
\c@FancyVerbLine=\count277
\FV@StepNumber=\count278
\FV@OutFile=\write3
) (c:/Users/alvar/AppData/Roaming/TinyTeX/texmf-dist/tex/latex/framed/framed.st
y
Package: framed 2011/10/22 v 0.96: framed or shaded text with page breaks
\OuterFrameSep=\skip53
\fb@frw=\dimen160
\fb@frh=\dimen161
\FrameRule=\dimen162
\FrameSep=\dimen163
)
(c:/Users/alvar/AppData/Roaming/TinyTeX/texmf-dist/tex/latex/graphics/graphicx.
sty
Package: graphicx 2020/09/09 v1.2b Enhanced LaTeX Graphics (DPC,SPQR)

(c:/Users/alvar/AppData/Roaming/TinyTeX/texmf-dist/tex/latex/graphics/graphics.
sty
Package: graphics 2020/08/30 v1.4c Standard LaTeX Graphics (DPC,SPQR)
(c:/Users/alvar/AppData/Roaming/TinyTeX/texmf-dist/tex/latex/graphics/trig.sty
Package: trig 2016/01/03 v1.10 sin cos tan (DPC)
)
(c:/Users/alvar/AppData/Roaming/TinyTeX/texmf-dist/tex/latex/graphics-cfg/graph
ics.cfg
File: graphics.cfg 2016/06/04 v1.11 sample graphics configuration
)
Package graphics Info: Driver file: pdftex.def on input line 105.
)
\Gin@req@height=\dimen164
\Gin@req@width=\dimen165
)
(c:/Users/alvar/AppData/Roaming/TinyTeX/texmf-dist/tex/latex/grffile/grffile.st
y
Package: grffile 2019/11/11 v2.1 Extended file name support for graphics (legac
y)
Package grffile Info: This package is an empty stub for compatibility on input 
line 40.
) (c:/Users/alvar/AppData/Roaming/TinyTeX/texmf-dist/tex/latex/float/float.sty
Package: float 2001/11/08 v1.3d Float enhancements (AL)
\c@float@type=\count279
\float@exts=\toks25
\float@box=\box50
\@float@everytoks=\toks26
\@floatcapt=\box51
)
(c:/Users/alvar/AppData/Roaming/TinyTeX/texmf-dist/tex/latex/booktabs/booktabs.
sty
Package: booktabs 2020/01/12 v1.61803398 Publication quality tables
\heavyrulewidth=\dimen166
\lightrulewidth=\dimen167
\cmidrulewidth=\dimen168
\belowrulesep=\dimen169
\belowbottomsep=\dimen170
\aboverulesep=\dimen171
\abovetopsep=\dimen172
\cmidrulesep=\dimen173
\cmidrulekern=\dimen174
\defaultaddspace=\dimen175
\@cmidla=\count280
\@cmidlb=\count281
\@aboverulesep=\dimen176
\@belowrulesep=\dimen177
\@thisruleclass=\count282
\@lastruleclass=\count283
\@thisrulewidth=\dimen178
)
(c:/Users/alvar/AppData/Roaming/TinyTeX/texmf-dist/tex/latex/tools/longtable.st
y
Package: longtable 2020/01/07 v4.13 Multi-page Table package (DPC)
\LTleft=\skip54
\LTright=\skip55
\LTpre=\skip56
\LTpost=\skip57
\LTchunksize=\count284
\LTcapwidth=\dimen179
\LT@head=\box52
\LT@firsthead=\box53
\LT@foot=\box54
\LT@lastfoot=\box55
\LT@cols=\count285
\LT@rows=\count286
\c@LT@tables=\count287
\c@LT@chunks=\count288
\LT@p@ftn=\toks27
) (c:/Users/alvar/AppData/Roaming/TinyTeX/texmf-dist/tex/latex/tools/array.sty
Package: array 2020/10/01 v2.5c Tabular extension package (FMi)
\col@sep=\dimen180
\ar@mcellbox=\box56
\extrarowheight=\dimen181
\NC@list=\toks28
\extratabsurround=\skip58
\backup@length=\skip59
\ar@cellbox=\box57
)
(c:/Users/alvar/AppData/Roaming/TinyTeX/texmf-dist/tex/latex/multirow/multirow.
sty
Package: multirow 2019/05/31 v2.5 Span multiple rows of a table
\multirow@colwidth=\skip60
\multirow@cntb=\count289
\multirow@dima=\skip61
\bigstrutjot=\dimen182
)
(c:/Users/alvar/AppData/Roaming/TinyTeX/texmf-dist/tex/latex/wrapfig/wrapfig.st
y
\wrapoverhang=\dimen183
\WF@size=\dimen184
\c@WF@wrappedlines=\count290
\WF@box=\box58
\WF@everypar=\toks29
Package: wrapfig 2003/01/31  v 3.6
)
(c:/Users/alvar/AppData/Roaming/TinyTeX/texmf-dist/tex/latex/colortbl/colortbl.
sty
Package: colortbl 2020/01/04 v1.0e Color table columns (DPC)
\everycr=\toks30
\minrowclearance=\skip62
)
(c:/Users/alvar/AppData/Roaming/TinyTeX/texmf-dist/tex/latex/pdflscape/pdflscap
e.sty
Package: pdflscape 2019/12/05 v0.12 Display of landscape pages in PDF (HO)

(c:/Users/alvar/AppData/Roaming/TinyTeX/texmf-dist/tex/latex/graphics/lscape.st
y
Package: lscape 2020/05/28 v3.02 Landscape Pages (DPC)
)
Package pdflscape Info: Auto-detected driver: pdftex on input line 81.
) (c:/Users/alvar/AppData/Roaming/TinyTeX/texmf-dist/tex/latex/tabu/tabu.sty
Package: tabu 2019/01/11 v2.9 - flexible LaTeX tabulars (FC+tabu-fixed)

(c:/Users/alvar/AppData/Roaming/TinyTeX/texmf-dist/tex/latex/varwidth/varwidth.
sty
Package: varwidth 2009/03/30 ver 0.92;  Variable-width minipages
\@vwid@box=\box59
\sift@deathcycles=\count291
\@vwid@loff=\dimen185
\@vwid@roff=\dimen186
)
\c@taburow=\count292
\tabu@nbcols=\count293
\tabu@cnt=\count294
\tabu@Xcol=\count295
\tabu@alloc=\count296
\tabu@nested=\count297
\tabu@target=\dimen187
\tabu@spreadtarget=\dimen188
\tabu@naturalX=\dimen189
\tabucolX=\dimen190
\tabu@Xsum=\dimen191
\extrarowdepth=\dimen192
\abovetabulinesep=\dimen193
\belowtabulinesep=\dimen194
\tabustrutrule=\dimen195
\tabu@thebody=\toks31
\tabu@footnotes=\toks32
\tabu@box=\box60
\tabu@arstrutbox=\box61
\tabu@hleads=\box62
\tabu@vleads=\box63
\tabu@cellskip=\skip63
)
(c:/Users/alvar/AppData/Roaming/TinyTeX/texmf-dist/tex/latex/threeparttable/thr
eeparttable.sty
Package: threeparttable 2003/06/13  v 3.0
\@tempboxb=\box64
)
(c:/Users/alvar/AppData/Roaming/TinyTeX/texmf-dist/tex/latex/threeparttablex/th
reeparttablex.sty
Package: threeparttablex 2013/07/23 v0.3 by daleif

(c:/Users/alvar/AppData/Roaming/TinyTeX/texmf-dist/tex/latex/environ/environ.st
y
Package: environ 2014/05/04 v0.3 A new way to define environments

(c:/Users/alvar/AppData/Roaming/TinyTeX/texmf-dist/tex/latex/trimspaces/trimspa
ces.sty
Package: trimspaces 2009/09/17 v1.1 Trim spaces around a token list
))
\TPTL@width=\skip64
) (c:/Users/alvar/AppData/Roaming/TinyTeX/texmf-dist/tex/generic/ulem/ulem.sty
\UL@box=\box65
\UL@hyphenbox=\box66
\UL@skip=\skip65
\UL@hook=\toks33
\UL@height=\dimen196
\UL@pe=\count298
\UL@pixel=\dimen197
\ULC@box=\box67
Package: ulem 2019/11/18
\ULdepth=\dimen198
)
(c:/Users/alvar/AppData/Roaming/TinyTeX/texmf-dist/tex/latex/makecell/makecell.
sty
Package: makecell 2009/08/03 V0.1e Managing of Tab Column Heads and Cells
\rotheadsize=\dimen199
\c@nlinenum=\count299
\TeXr@lab=\toks34
)
(c:/Users/alvar/AppData/Roaming/TinyTeX/texmf-dist/tex/latex/l3backend/l3backen
d-pdftex.def
File: l3backend-pdftex.def 2020-09-24 L3 backend support: PDF output (pdfTeX)
\l__kernel_color_stack_int=\count300
\l__pdf_internal_box=\box68
) (./HCC.aux

LaTeX Warning: Label `tab:unnamed-chunk-13' multiply defined.

)
\openout1 = `HCC.aux'.

LaTeX Font Info:    Checking defaults for OML/cmm/m/it on input line 122.
LaTeX Font Info:    ... okay on input line 122.
LaTeX Font Info:    Checking defaults for OMS/cmsy/m/n on input line 122.
LaTeX Font Info:    ... okay on input line 122.
LaTeX Font Info:    Checking defaults for OT1/cmr/m/n on input line 122.
LaTeX Font Info:    ... okay on input line 122.
LaTeX Font Info:    Checking defaults for T1/cmr/m/n on input line 122.
LaTeX Font Info:    ... okay on input line 122.
LaTeX Font Info:    Checking defaults for TS1/cmr/m/n on input line 122.
LaTeX Font Info:    ... okay on input line 122.
LaTeX Font Info:    Checking defaults for OMX/cmex/m/n on input line 122.
LaTeX Font Info:    ... okay on input line 122.
LaTeX Font Info:    Checking defaults for U/cmr/m/n on input line 122.
LaTeX Font Info:    ... okay on input line 122.
LaTeX Font Info:    Checking defaults for PD1/pdf/m/n on input line 122.
LaTeX Font Info:    ... okay on input line 122.
LaTeX Font Info:    Checking defaults for PU/pdf/m/n on input line 122.
LaTeX Font Info:    ... okay on input line 122.

(c:/Users/alvar/AppData/Roaming/TinyTeX/texmf-dist/tex/latex/epstopdf-pkg/epsto
pdf-base.sty
Package: epstopdf-base 2020-01-24 v2.11 Base part for package epstopdf
Package epstopdf-base Info: Redefining graphics rule for `.eps' on input line 4
85.

(c:/Users/alvar/AppData/Roaming/TinyTeX/texmf-dist/tex/latex/latexconfig/epstop
df-sys.cfg
File: epstopdf-sys.cfg 2010/07/13 v1.3 Configuration of (r)epstopdf for TeX Liv
e
))
Package hyperref Info: Link coloring OFF on input line 122.

(c:/Users/alvar/AppData/Roaming/TinyTeX/texmf-dist/tex/latex/hyperref/nameref.s
ty
Package: nameref 2019/09/16 v2.46 Cross-referencing by name of section

(c:/Users/alvar/AppData/Roaming/TinyTeX/texmf-dist/tex/latex/refcount/refcount.
sty
Package: refcount 2019/12/15 v3.6 Data extraction from label references (HO)
)
(c:/Users/alvar/AppData/Roaming/TinyTeX/texmf-dist/tex/generic/gettitlestring/g
ettitlestring.sty
Package: gettitlestring 2019/12/15 v1.6 Cleanup title references (HO)
)
\c@section@level=\count301
)
LaTeX Info: Redefining \ref on input line 122.
LaTeX Info: Redefining \pageref on input line 122.
LaTeX Info: Redefining \nameref on input line 122.
(./HCC.out) (./HCC.out)
\@outlinefile=\write4
\openout4 = `HCC.out'.

*geometry* driver: auto-detecting
*geometry* detected driver: pdftex
*geometry* verbose mode - [ preamble ] result:
* driver: pdftex
* paper: <default>
* layout: <same size as paper>
* layoutoffset:(h,v)=(0.0pt,0.0pt)
* modes: 
* h-part:(L,W,R)=(72.26999pt, 469.75502pt, 72.26999pt)
* v-part:(T,H,B)=(72.26999pt, 650.43001pt, 72.26999pt)
* \paperwidth=614.295pt
* \paperheight=794.96999pt
* \textwidth=469.75502pt
* \textheight=650.43001pt
* \oddsidemargin=0.0pt
* \evensidemargin=0.0pt
* \topmargin=-37.0pt
* \headheight=12.0pt
* \headsep=25.0pt
* \topskip=10.0pt
* \footskip=30.0pt
* \marginparwidth=65.0pt
* \marginparsep=11.0pt
* \columnsep=10.0pt
* \skip\footins=9.0pt plus 4.0pt minus 2.0pt
* \hoffset=0.0pt
* \voffset=0.0pt
* \mag=1000
* \@twocolumnfalse
* \@twosidefalse
* \@mparswitchfalse
* \@reversemarginfalse
* (1in=72.27pt=25.4mm, 1cm=28.453pt)

LaTeX Font Info:    Trying to load font information for OT1+lmr on input line 1
24.
(c:/Users/alvar/AppData/Roaming/TinyTeX/texmf-dist/tex/latex/lm/ot1lmr.fd
File: ot1lmr.fd 2009/10/30 v1.6 Font defs for Latin Modern
)
LaTeX Font Info:    Trying to load font information for OML+lmm on input line 1
24.
(c:/Users/alvar/AppData/Roaming/TinyTeX/texmf-dist/tex/latex/lm/omllmm.fd
File: omllmm.fd 2009/10/30 v1.6 Font defs for Latin Modern
)
LaTeX Font Info:    Trying to load font information for OMS+lmsy on input line 
124.
(c:/Users/alvar/AppData/Roaming/TinyTeX/texmf-dist/tex/latex/lm/omslmsy.fd
File: omslmsy.fd 2009/10/30 v1.6 Font defs for Latin Modern
)
LaTeX Font Info:    Trying to load font information for OMX+lmex on input line 
124.
(c:/Users/alvar/AppData/Roaming/TinyTeX/texmf-dist/tex/latex/lm/omxlmex.fd
File: omxlmex.fd 2009/10/30 v1.6 Font defs for Latin Modern
)
LaTeX Font Info:    External font `lmex10' loaded for size
(Font)              <12> on input line 124.
LaTeX Font Info:    External font `lmex10' loaded for size
(Font)              <8> on input line 124.
LaTeX Font Info:    External font `lmex10' loaded for size
(Font)              <6> on input line 124.
LaTeX Font Info:    Trying to load font information for U+msa on input line 124
.
(c:/Users/alvar/AppData/Roaming/TinyTeX/texmf-dist/tex/latex/amsfonts/umsa.fd
File: umsa.fd 2013/01/14 v3.01 AMS symbols A
)
LaTeX Font Info:    Trying to load font information for U+msb on input line 124
.
(c:/Users/alvar/AppData/Roaming/TinyTeX/texmf-dist/tex/latex/amsfonts/umsb.fd
File: umsb.fd 2013/01/14 v3.01 AMS symbols B
) (./HCC.toc
LaTeX Font Info:    External font `lmex10' loaded for size
(Font)              <10> on input line 2.
LaTeX Font Info:    External font `lmex10' loaded for size
(Font)              <7> on input line 2.
LaTeX Font Info:    External font `lmex10' loaded for size
(Font)              <5> on input line 2.
)
\tf@toc=\write5
\openout5 = `HCC.toc'.

[1

{c:/Users/alvar/AppData/Roaming/TinyTeX/texmf-var/fonts/map/pdftex/updmap/pdfte
x.map}]
LaTeX Font Info:    Trying to load font information for TS1+lmr on input line 1
52.
(c:/Users/alvar/AppData/Roaming/TinyTeX/texmf-dist/tex/latex/lm/ts1lmr.fd
File: ts1lmr.fd 2009/10/30 v1.6 Font defs for Latin Modern
) [2] [3] [4]
LaTeX Font Info:    Trying to load font information for T1+lmtt on input line 3
86.
(c:/Users/alvar/AppData/Roaming/TinyTeX/texmf-dist/tex/latex/lm/t1lmtt.fd
File: t1lmtt.fd 2009/10/30 v1.6 Font defs for Latin Modern
)
LaTeX Font Info:    Font shape `T1/lmtt/bx/n' in size <10> not available
(Font)              Font shape `T1/lmtt/b/n' tried instead on input line 388.
[5]
LaTeX Font Info:    Trying to load font information for TS1+lmtt on input line 
578.
(c:/Users/alvar/AppData/Roaming/TinyTeX/texmf-dist/tex/latex/lm/ts1lmtt.fd
File: ts1lmtt.fd 2009/10/30 v1.6 Font defs for Latin Modern
) [6] [7] [8] [9pdfTeX warning (ext4): destination with the same identifier (na
me{table.1}) has been already used, duplicate ignored
<argument> ...shipout:D \box_use:N \l_shipout_box 
                                                  
l.692 E
       studiant la distribució dels valors desconeguts per variable veiem que]
[10pdfTeX warning (ext4): destination with the same identifier (name{table.2}) 
has been already used, duplicate ignored
<argument> ...shipout:D \box_use:N \l_shipout_box 
                                                  
l.771 \end{itemize}
                   ] [11]
<HCC_files/figure-latex/unnamed-chunk-9-1.pdf, id=180, 433.62pt x 289.08pt>
File: HCC_files/figure-latex/unnamed-chunk-9-1.pdf Graphic file (type pdf)
<use HCC_files/figure-latex/unnamed-chunk-9-1.pdf>
Package pdftex.def Info: HCC_files/figure-latex/unnamed-chunk-9-1.pdf  used on 
input line 881.
(pdftex.def)             Requested size: 433.63878pt x 289.09251pt.
<HCC_files/figure-latex/unnamed-chunk-9-2.pdf, id=181, 433.62pt x 289.08pt>
File: HCC_files/figure-latex/unnamed-chunk-9-2.pdf Graphic file (type pdf)
<use HCC_files/figure-latex/unnamed-chunk-9-2.pdf>
Package pdftex.def Info: HCC_files/figure-latex/unnamed-chunk-9-2.pdf  used on 
input line 882.
(pdftex.def)             Requested size: 433.63878pt x 289.09251pt.
<HCC_files/figure-latex/unnamed-chunk-9-3.pdf, id=182, 433.62pt x 289.08pt>
File: HCC_files/figure-latex/unnamed-chunk-9-3.pdf Graphic file (type pdf)
<use HCC_files/figure-latex/unnamed-chunk-9-3.pdf>
Package pdftex.def Info: HCC_files/figure-latex/unnamed-chunk-9-3.pdf  used on 
input line 883.
(pdftex.def)             Requested size: 433.63878pt x 289.09251pt.
<HCC_files/figure-latex/unnamed-chunk-9-4.pdf, id=183, 433.62pt x 289.08pt>
File: HCC_files/figure-latex/unnamed-chunk-9-4.pdf Graphic file (type pdf)
<use HCC_files/figure-latex/unnamed-chunk-9-4.pdf>
Package pdftex.def Info: HCC_files/figure-latex/unnamed-chunk-9-4.pdf  used on 
input line 884.
(pdftex.def)             Requested size: 433.63878pt x 289.09251pt.
<HCC_files/figure-latex/unnamed-chunk-9-5.pdf, id=184, 433.62pt x 289.08pt>
File: HCC_files/figure-latex/unnamed-chunk-9-5.pdf Graphic file (type pdf)
<use HCC_files/figure-latex/unnamed-chunk-9-5.pdf>
Package pdftex.def Info: HCC_files/figure-latex/unnamed-chunk-9-5.pdf  used on 
input line 885.
(pdftex.def)             Requested size: 433.63878pt x 289.09251pt.
<HCC_files/figure-latex/unnamed-chunk-9-6.pdf, id=185, 433.62pt x 289.08pt>
File: HCC_files/figure-latex/unnamed-chunk-9-6.pdf Graphic file (type pdf)
<use HCC_files/figure-latex/unnamed-chunk-9-6.pdf>
Package pdftex.def Info: HCC_files/figure-latex/unnamed-chunk-9-6.pdf  used on 
input line 886.
(pdftex.def)             Requested size: 433.63878pt x 289.09251pt.
<HCC_files/figure-latex/unnamed-chunk-9-7.pdf, id=186, 433.62pt x 289.08pt>
File: HCC_files/figure-latex/unnamed-chunk-9-7.pdf Graphic file (type pdf)
<use HCC_files/figure-latex/unnamed-chunk-9-7.pdf>
Package pdftex.def Info: HCC_files/figure-latex/unnamed-chunk-9-7.pdf  used on 
input line 887.
(pdftex.def)             Requested size: 433.63878pt x 289.09251pt.
<HCC_files/figure-latex/unnamed-chunk-9-8.pdf, id=187, 433.62pt x 289.08pt>
File: HCC_files/figure-latex/unnamed-chunk-9-8.pdf Graphic file (type pdf)
<use HCC_files/figure-latex/unnamed-chunk-9-8.pdf>
Package pdftex.def Info: HCC_files/figure-latex/unnamed-chunk-9-8.pdf  used on 
input line 888.
(pdftex.def)             Requested size: 433.63878pt x 289.09251pt.
<HCC_files/figure-latex/unnamed-chunk-9-9.pdf, id=188, 433.62pt x 289.08pt>
File: HCC_files/figure-latex/unnamed-chunk-9-9.pdf Graphic file (type pdf)
<use HCC_files/figure-latex/unnamed-chunk-9-9.pdf>
Package pdftex.def Info: HCC_files/figure-latex/unnamed-chunk-9-9.pdf  used on 
input line 889.
(pdftex.def)             Requested size: 433.63878pt x 289.09251pt.
<HCC_files/figure-latex/unnamed-chunk-9-10.pdf, id=189, 433.62pt x 289.08pt>
File: HCC_files/figure-latex/unnamed-chunk-9-10.pdf Graphic file (type pdf)
<use HCC_files/figure-latex/unnamed-chunk-9-10.pdf>
Package pdftex.def Info: HCC_files/figure-latex/unnamed-chunk-9-10.pdf  used on
 input line 890.
(pdftex.def)             Requested size: 433.63878pt x 289.09251pt.
<HCC_files/figure-latex/unnamed-chunk-9-11.pdf, id=190, 433.62pt x 289.08pt>
File: HCC_files/figure-latex/unnamed-chunk-9-11.pdf Graphic file (type pdf)
<use HCC_files/figure-latex/unnamed-chunk-9-11.pdf>
Package pdftex.def Info: HCC_files/figure-latex/unnamed-chunk-9-11.pdf  used on
 input line 891.
(pdftex.def)             Requested size: 433.63878pt x 289.09251pt.
<HCC_files/figure-latex/unnamed-chunk-9-12.pdf, id=191, 433.62pt x 289.08pt>
File: HCC_files/figure-latex/unnamed-chunk-9-12.pdf Graphic file (type pdf)
<use HCC_files/figure-latex/unnamed-chunk-9-12.pdf>
Package pdftex.def Info: HCC_files/figure-latex/unnamed-chunk-9-12.pdf  used on
 input line 892.
(pdftex.def)             Requested size: 433.63878pt x 289.09251pt.

Underfull \hbox (badness 10000) in paragraph at lines 881--893
[][]
 []


Underfull \hbox (badness 10000) in paragraph at lines 881--893
[]
 []


Underfull \hbox (badness 10000) in paragraph at lines 881--893
[]
 []


Underfull \hbox (badness 10000) in paragraph at lines 881--893
[]
 []


Underfull \hbox (badness 10000) in paragraph at lines 881--893
[]
 []


Underfull \hbox (badness 10000) in paragraph at lines 881--893
[]
 []


Underfull \hbox (badness 10000) in paragraph at lines 881--893
[]
 []


Underfull \hbox (badness 10000) in paragraph at lines 881--893
[]
 []


Underfull \hbox (badness 10000) in paragraph at lines 881--893
[]
 []


Underfull \hbox (badness 10000) in paragraph at lines 881--893
[]
 []


Underfull \hbox (badness 10000) in paragraph at lines 881--893
[]
 []

[12] [13 <./HCC_files/figure-latex/unnamed-chunk-9-1.pdf> <./HCC_files/figure-l
atex/unnamed-chunk-9-2.pdf>] [14 <./HCC_files/figure-latex/unnamed-chunk-9-3.pd
f> <./HCC_files/figure-latex/unnamed-chunk-9-4.pdf>] [15 <./HCC_files/figure-la
tex/unnamed-chunk-9-5.pdf> <./HCC_files/figure-latex/unnamed-chunk-9-6.pdf>] [1
6 <./HCC_files/figure-latex/unnamed-chunk-9-7.pdf> <./HCC_files/figure-latex/un
named-chunk-9-8.pdf>] [17 <./HCC_files/figure-latex/unnamed-chunk-9-9.pdf> <./H
CC_files/figure-latex/unnamed-chunk-9-10.pdf>] [18 <./HCC_files/figure-latex/un
named-chunk-9-11.pdf> <./HCC_files/figure-latex/unnamed-chunk-9-12.pdf>] [19]
<HCC_files/figure-latex/unnamed-chunk-10-1.pdf, id=286, 433.62pt x 289.08pt>
File: HCC_files/figure-latex/unnamed-chunk-10-1.pdf Graphic file (type pdf)
<use HCC_files/figure-latex/unnamed-chunk-10-1.pdf>
Package pdftex.def Info: HCC_files/figure-latex/unnamed-chunk-10-1.pdf  used on
 input line 980.
(pdftex.def)             Requested size: 433.63878pt x 289.09251pt.
<HCC_files/figure-latex/unnamed-chunk-10-2.pdf, id=287, 433.62pt x 289.08pt>
File: HCC_files/figure-latex/unnamed-chunk-10-2.pdf Graphic file (type pdf)
<use HCC_files/figure-latex/unnamed-chunk-10-2.pdf>
Package pdftex.def Info: HCC_files/figure-latex/unnamed-chunk-10-2.pdf  used on
 input line 981.
(pdftex.def)             Requested size: 433.63878pt x 289.09251pt.
<HCC_files/figure-latex/unnamed-chunk-10-3.pdf, id=288, 433.62pt x 289.08pt>
File: HCC_files/figure-latex/unnamed-chunk-10-3.pdf Graphic file (type pdf)
<use HCC_files/figure-latex/unnamed-chunk-10-3.pdf>
Package pdftex.def Info: HCC_files/figure-latex/unnamed-chunk-10-3.pdf  used on
 input line 982.
(pdftex.def)             Requested size: 433.63878pt x 289.09251pt.
<HCC_files/figure-latex/unnamed-chunk-10-4.pdf, id=289, 433.62pt x 289.08pt>
File: HCC_files/figure-latex/unnamed-chunk-10-4.pdf Graphic file (type pdf)
<use HCC_files/figure-latex/unnamed-chunk-10-4.pdf>
Package pdftex.def Info: HCC_files/figure-latex/unnamed-chunk-10-4.pdf  used on
 input line 983.
(pdftex.def)             Requested size: 433.63878pt x 289.09251pt.
<HCC_files/figure-latex/unnamed-chunk-10-5.pdf, id=290, 433.62pt x 289.08pt>
File: HCC_files/figure-latex/unnamed-chunk-10-5.pdf Graphic file (type pdf)
<use HCC_files/figure-latex/unnamed-chunk-10-5.pdf>
Package pdftex.def Info: HCC_files/figure-latex/unnamed-chunk-10-5.pdf  used on
 input line 984.
(pdftex.def)             Requested size: 433.63878pt x 289.09251pt.

Underfull \hbox (badness 10000) in paragraph at lines 980--985
[][]
 []


Underfull \hbox (badness 10000) in paragraph at lines 980--985
[]
 []


Underfull \hbox (badness 10000) in paragraph at lines 980--985
[]
 []


Underfull \hbox (badness 10000) in paragraph at lines 980--985
[]
 []

[20 <./HCC_files/figure-latex/unnamed-chunk-10-1.pdf>] [21 <./HCC_files/figure-
latex/unnamed-chunk-10-2.pdf> <./HCC_files/figure-latex/unnamed-chunk-10-3.pdf>
]
Overfull \vbox (0.37883pt too high) detected at line 1039
 []

[22 <./HCC_files/figure-latex/unnamed-chunk-10-4.pdf> <./HCC_files/figure-latex
/unnamed-chunk-10-5.pdf>]
<HCC_files/figure-latex/unnamed-chunk-11-1.pdf, id=329, 433.62pt x 289.08pt>
File: HCC_files/figure-latex/unnamed-chunk-11-1.pdf Graphic file (type pdf)
<use HCC_files/figure-latex/unnamed-chunk-11-1.pdf>
Package pdftex.def Info: HCC_files/figure-latex/unnamed-chunk-11-1.pdf  used on
 input line 1041.
(pdftex.def)             Requested size: 433.63878pt x 289.09251pt.
<HCC_files/figure-latex/unnamed-chunk-11-2.pdf, id=330, 433.62pt x 289.08pt>
File: HCC_files/figure-latex/unnamed-chunk-11-2.pdf Graphic file (type pdf)
<use HCC_files/figure-latex/unnamed-chunk-11-2.pdf>
Package pdftex.def Info: HCC_files/figure-latex/unnamed-chunk-11-2.pdf  used on
 input line 1042.
(pdftex.def)             Requested size: 433.63878pt x 289.09251pt.
<HCC_files/figure-latex/unnamed-chunk-11-3.pdf, id=331, 433.62pt x 289.08pt>
File: HCC_files/figure-latex/unnamed-chunk-11-3.pdf Graphic file (type pdf)
<use HCC_files/figure-latex/unnamed-chunk-11-3.pdf>
Package pdftex.def Info: HCC_files/figure-latex/unnamed-chunk-11-3.pdf  used on
 input line 1043.
(pdftex.def)             Requested size: 433.63878pt x 289.09251pt.
<HCC_files/figure-latex/unnamed-chunk-11-4.pdf, id=332, 433.62pt x 289.08pt>
File: HCC_files/figure-latex/unnamed-chunk-11-4.pdf Graphic file (type pdf)
<use HCC_files/figure-latex/unnamed-chunk-11-4.pdf>
Package pdftex.def Info: HCC_files/figure-latex/unnamed-chunk-11-4.pdf  used on
 input line 1044.
(pdftex.def)             Requested size: 433.63878pt x 289.09251pt.
<HCC_files/figure-latex/unnamed-chunk-11-5.pdf, id=333, 433.62pt x 289.08pt>
File: HCC_files/figure-latex/unnamed-chunk-11-5.pdf Graphic file (type pdf)
<use HCC_files/figure-latex/unnamed-chunk-11-5.pdf>
Package pdftex.def Info: HCC_files/figure-latex/unnamed-chunk-11-5.pdf  used on
 input line 1045.
(pdftex.def)             Requested size: 433.63878pt x 289.09251pt.
<HCC_files/figure-latex/unnamed-chunk-11-6.pdf, id=334, 433.62pt x 289.08pt>
File: HCC_files/figure-latex/unnamed-chunk-11-6.pdf Graphic file (type pdf)
<use HCC_files/figure-latex/unnamed-chunk-11-6.pdf>
Package pdftex.def Info: HCC_files/figure-latex/unnamed-chunk-11-6.pdf  used on
 input line 1046.
(pdftex.def)             Requested size: 433.63878pt x 289.09251pt.
<HCC_files/figure-latex/unnamed-chunk-11-7.pdf, id=335, 433.62pt x 289.08pt>
File: HCC_files/figure-latex/unnamed-chunk-11-7.pdf Graphic file (type pdf)
<use HCC_files/figure-latex/unnamed-chunk-11-7.pdf>
Package pdftex.def Info: HCC_files/figure-latex/unnamed-chunk-11-7.pdf  used on
 input line 1047.
(pdftex.def)             Requested size: 433.63878pt x 289.09251pt.
<HCC_files/figure-latex/unnamed-chunk-11-8.pdf, id=336, 433.62pt x 289.08pt>
File: HCC_files/figure-latex/unnamed-chunk-11-8.pdf Graphic file (type pdf)
<use HCC_files/figure-latex/unnamed-chunk-11-8.pdf>
Package pdftex.def Info: HCC_files/figure-latex/unnamed-chunk-11-8.pdf  used on
 input line 1048.
(pdftex.def)             Requested size: 433.63878pt x 289.09251pt.
<HCC_files/figure-latex/unnamed-chunk-11-9.pdf, id=337, 433.62pt x 289.08pt>
File: HCC_files/figure-latex/unnamed-chunk-11-9.pdf Graphic file (type pdf)
<use HCC_files/figure-latex/unnamed-chunk-11-9.pdf>
Package pdftex.def Info: HCC_files/figure-latex/unnamed-chunk-11-9.pdf  used on
 input line 1049.
(pdftex.def)             Requested size: 433.63878pt x 289.09251pt.
<HCC_files/figure-latex/unnamed-chunk-11-10.pdf, id=338, 433.62pt x 289.08pt>
File: HCC_files/figure-latex/unnamed-chunk-11-10.pdf Graphic file (type pdf)
<use HCC_files/figure-latex/unnamed-chunk-11-10.pdf>
Package pdftex.def Info: HCC_files/figure-latex/unnamed-chunk-11-10.pdf  used o
n input line 1050.
(pdftex.def)             Requested size: 433.63878pt x 289.09251pt.
<HCC_files/figure-latex/unnamed-chunk-11-11.pdf, id=339, 433.62pt x 289.08pt>
File: HCC_files/figure-latex/unnamed-chunk-11-11.pdf Graphic file (type pdf)
<use HCC_files/figure-latex/unnamed-chunk-11-11.pdf>
Package pdftex.def Info: HCC_files/figure-latex/unnamed-chunk-11-11.pdf  used o
n input line 1051.
(pdftex.def)             Requested size: 433.63878pt x 289.09251pt.
<HCC_files/figure-latex/unnamed-chunk-11-12.pdf, id=340, 433.62pt x 289.08pt>
File: HCC_files/figure-latex/unnamed-chunk-11-12.pdf Graphic file (type pdf)
<use HCC_files/figure-latex/unnamed-chunk-11-12.pdf>
Package pdftex.def Info: HCC_files/figure-latex/unnamed-chunk-11-12.pdf  used o
n input line 1052.
(pdftex.def)             Requested size: 433.63878pt x 289.09251pt.
<HCC_files/figure-latex/unnamed-chunk-11-13.pdf, id=341, 433.62pt x 289.08pt>
File: HCC_files/figure-latex/unnamed-chunk-11-13.pdf Graphic file (type pdf)
<use HCC_files/figure-latex/unnamed-chunk-11-13.pdf>
Package pdftex.def Info: HCC_files/figure-latex/unnamed-chunk-11-13.pdf  used o
n input line 1053.
(pdftex.def)             Requested size: 433.63878pt x 289.09251pt.

Underfull \hbox (badness 10000) in paragraph at lines 1041--1054
[][]
 []


Underfull \hbox (badness 10000) in paragraph at lines 1041--1054
[]
 []


Underfull \hbox (badness 10000) in paragraph at lines 1041--1054
[]
 []


Underfull \hbox (badness 10000) in paragraph at lines 1041--1054
[]
 []


Underfull \hbox (badness 10000) in paragraph at lines 1041--1054
[]
 []


Underfull \hbox (badness 10000) in paragraph at lines 1041--1054
[]
 []


Underfull \hbox (badness 10000) in paragraph at lines 1041--1054
[]
 []


Underfull \hbox (badness 10000) in paragraph at lines 1041--1054
[]
 []


Underfull \hbox (badness 10000) in paragraph at lines 1041--1054
[]
 []


Underfull \hbox (badness 10000) in paragraph at lines 1041--1054
[]
 []


Underfull \hbox (badness 10000) in paragraph at lines 1041--1054
[]
 []


Underfull \hbox (badness 10000) in paragraph at lines 1041--1054
[]
 []

[23] [24 <./HCC_files/figure-latex/unnamed-chunk-11-1.pdf> <./HCC_files/figure-
latex/unnamed-chunk-11-2.pdf>] [25 <./HCC_files/figure-latex/unnamed-chunk-11-3
.pdf> <./HCC_files/figure-latex/unnamed-chunk-11-4.pdf>] [26 <./HCC_files/figur
e-latex/unnamed-chunk-11-5.pdf> <./HCC_files/figure-latex/unnamed-chunk-11-6.pd
f>] [27 <./HCC_files/figure-latex/unnamed-chunk-11-7.pdf> <./HCC_files/figure-l
atex/unnamed-chunk-11-8.pdf>] [28 <./HCC_files/figure-latex/unnamed-chunk-11-9.
pdf> <./HCC_files/figure-latex/unnamed-chunk-11-10.pdf>] [29 <./HCC_files/figur
e-latex/unnamed-chunk-11-11.pdf> <./HCC_files/figure-latex/unnamed-chunk-11-12.
pdf>] [30 <./HCC_files/figure-latex/unnamed-chunk-11-13.pdf>] [31pdfTeX warning
 (ext4): destination with the same identifier (name{table.3}) has been already 
used, duplicate ignored
<argument> ...shipout:D \box_use:N \l_shipout_box 
                                                  
l.1175 
       ] [32pdfTeX warning (ext4): destination with the same identifier (name{t
able.4}) has been already used, duplicate ignored
<argument> ...shipout:D \box_use:N \l_shipout_box 
                                                  
l.1233 \begin{Shaded}
                     pdfTeX warning (ext4): destination with the same identifie
r (name{table.5}) has been already used, duplicate ignored
<argument> ...shipout:D \box_use:N \l_shipout_box 
                                                  
l.1233 \begin{Shaded}
                     ]
<HCC_files/figure-latex/unnamed-chunk-14-1.pdf, id=457, 433.62pt x 289.08pt>
File: HCC_files/figure-latex/unnamed-chunk-14-1.pdf Graphic file (type pdf)
<use HCC_files/figure-latex/unnamed-chunk-14-1.pdf>
Package pdftex.def Info: HCC_files/figure-latex/unnamed-chunk-14-1.pdf  used on
 input line 1249.
(pdftex.def)             Requested size: 433.63878pt x 289.09251pt.
[33 <./HCC_files/figure-latex/unnamed-chunk-14-1.pdf>]
<HCC_files/figure-latex/unnamed-chunk-15-1.pdf, id=469, 433.62pt x 289.08pt>
File: HCC_files/figure-latex/unnamed-chunk-15-1.pdf Graphic file (type pdf)
<use HCC_files/figure-latex/unnamed-chunk-15-1.pdf>
Package pdftex.def Info: HCC_files/figure-latex/unnamed-chunk-15-1.pdf  used on
 input line 1286.
(pdftex.def)             Requested size: 433.63878pt x 289.09251pt.
[34 <./HCC_files/figure-latex/unnamed-chunk-15-1.pdf>] [35]
Overfull \hbox (18.49356pt too wide) in paragraph at lines 1468--1468
[]\T1/lmtt/m/n/10 ## glm(formula = \TS1/lmtt/m/n/10 `\T1/lmtt/m/n/10 Class Attr
ibute\TS1/lmtt/m/n/10 ` \T1/lmtt/m/n/10 ~ \TS1/lmtt/m/n/10 `\T1/lmtt/m/n/10 Per
formance Status\TS1/lmtt/m/n/10 ` \T1/lmtt/m/n/10 + \TS1/lmtt/m/n/10 `\T1/lmtt/
m/n/10 log_Alpha-Fetoprotein (ng/mL)\TS1/lmtt/m/n/10 ` \T1/lmtt/m/n/10 +[] 
 []

[36]
<HCC_files/figure-latex/unnamed-chunk-18-1.pdf, id=488, 433.62pt x 289.08pt>
File: HCC_files/figure-latex/unnamed-chunk-18-1.pdf Graphic file (type pdf)
<use HCC_files/figure-latex/unnamed-chunk-18-1.pdf>
Package pdftex.def Info: HCC_files/figure-latex/unnamed-chunk-18-1.pdf  used on
 input line 1494.
(pdftex.def)             Requested size: 433.63878pt x 289.09251pt.
[37 <./HCC_files/figure-latex/unnamed-chunk-18-1.pdf>] [38] (./HCC.aux)
Package rerunfilecheck Info: File `HCC.out' has not changed.
(rerunfilecheck)             Checksum: 5EEFFEAA6CA29344DBF90FECE7B6AB02;3748.

LaTeX Warning: There were multiply-defined labels.

 ) 
Here is how much of TeX's memory you used:
 12769 strings out of 481311
 192429 string characters out of 5915833
 502757 words of memory out of 5000000
 29228 multiletter control sequences out of 15000+600000
 454710 words of font info for 72 fonts, out of 8000000 for 9000
 40 hyphenation exceptions out of 8191
 66i,10n,72p,489b,468s stack positions out of 5000i,500n,10000p,200000b,80000s
{c:/Users/alvar/AppData/Roaming/TinyTeX/texmf-dist/fonts/enc/dvips/lm/lm-ec.e
nc}{c:/Users/alvar/AppData/Roaming/TinyTeX/texmf-dist/fonts/enc/dvips/lm/lm-ts1
.enc}<c:/Users/alvar/AppData/Roaming/TinyTeX/texmf-dist/fonts/type1/public/lm/l
mbx10.pfb><c:/Users/alvar/AppData/Roaming/TinyTeX/texmf-dist/fonts/type1/public
/lm/lmbx12.pfb><c:/Users/alvar/AppData/Roaming/TinyTeX/texmf-dist/fonts/type1/p
ublic/lm/lmr10.pfb><c:/Users/alvar/AppData/Roaming/TinyTeX/texmf-dist/fonts/typ
e1/public/lm/lmr12.pfb><c:/Users/alvar/AppData/Roaming/TinyTeX/texmf-dist/fonts
/type1/public/lm/lmr17.pfb><c:/Users/alvar/AppData/Roaming/TinyTeX/texmf-dist/f
onts/type1/public/lm/lmri10.pfb><c:/Users/alvar/AppData/Roaming/TinyTeX/texmf-d
ist/fonts/type1/public/lm/lmtk10.pfb><c:/Users/alvar/AppData/Roaming/TinyTeX/te
xmf-dist/fonts/type1/public/lm/lmtt10.pfb><c:/Users/alvar/AppData/Roaming/TinyT
eX/texmf-dist/fonts/type1/public/lm/lmtti10.pfb>
Output written on HCC.pdf (38 pages, 487931 bytes).
PDF statistics:
 562 PDF objects out of 1000 (max. 8388607)
 442 compressed objects within 5 object streams
 85 named destinations out of 1000 (max. 500000)
 326 words of extra memory for PDF output out of 10000 (max. 10000000)

