This is pdfTeX, Version 3.14159265-2.6-1.40.19 (MiKTeX 2.9.6700 64-bit) (preloaded format=pdflatex 2018.6.10)  3 JAN 2021 17:50
entering extended mode
**./HCC.tex
(HCC.tex
LaTeX2e <2018-04-01> patch level 5
("C:\Users\David\AppData\Local\Programs\MiKTeX 2.9\tex\latex\base\article.cls"
Document Class: article 2014/09/29 v1.4h Standard LaTeX document class
("C:\Users\David\AppData\Local\Programs\MiKTeX 2.9\tex\latex\base\size10.clo"
File: size10.clo 2014/09/29 v1.4h Standard LaTeX file (size option)
)
\c@part=\count80
\c@section=\count81
\c@subsection=\count82
\c@subsubsection=\count83
\c@paragraph=\count84
\c@subparagraph=\count85
\c@figure=\count86
\c@table=\count87
\abovecaptionskip=\skip41
\belowcaptionskip=\skip42
\bibindent=\dimen102
) ("C:\Users\David\AppData\Local\Programs\MiKTeX 2.9\tex\latex\lm\lmodern.sty"
Package: lmodern 2009/10/30 v1.6 Latin Modern Fonts
LaTeX Font Info:    Overwriting symbol font `operators' in version `normal'
(Font)                  OT1/cmr/m/n --> OT1/lmr/m/n on input line 22.
LaTeX Font Info:    Overwriting symbol font `letters' in version `normal'
(Font)                  OML/cmm/m/it --> OML/lmm/m/it on input line 23.
LaTeX Font Info:    Overwriting symbol font `symbols' in version `normal'
(Font)                  OMS/cmsy/m/n --> OMS/lmsy/m/n on input line 24.
LaTeX Font Info:    Overwriting symbol font `largesymbols' in version `normal'
(Font)                  OMX/cmex/m/n --> OMX/lmex/m/n on input line 25.
LaTeX Font Info:    Overwriting symbol font `operators' in version `bold'
(Font)                  OT1/cmr/bx/n --> OT1/lmr/bx/n on input line 26.
LaTeX Font Info:    Overwriting symbol font `letters' in version `bold'
(Font)                  OML/cmm/b/it --> OML/lmm/b/it on input line 27.
LaTeX Font Info:    Overwriting symbol font `symbols' in version `bold'
(Font)                  OMS/cmsy/b/n --> OMS/lmsy/b/n on input line 28.
LaTeX Font Info:    Overwriting symbol font `largesymbols' in version `bold'
(Font)                  OMX/cmex/m/n --> OMX/lmex/m/n on input line 29.
LaTeX Font Info:    Overwriting math alphabet `\mathbf' in version `normal'
(Font)                  OT1/cmr/bx/n --> OT1/lmr/bx/n on input line 31.
LaTeX Font Info:    Overwriting math alphabet `\mathsf' in version `normal'
(Font)                  OT1/cmss/m/n --> OT1/lmss/m/n on input line 32.
LaTeX Font Info:    Overwriting math alphabet `\mathit' in version `normal'
(Font)                  OT1/cmr/m/it --> OT1/lmr/m/it on input line 33.
LaTeX Font Info:    Overwriting math alphabet `\mathtt' in version `normal'
(Font)                  OT1/cmtt/m/n --> OT1/lmtt/m/n on input line 34.
LaTeX Font Info:    Overwriting math alphabet `\mathbf' in version `bold'
(Font)                  OT1/cmr/bx/n --> OT1/lmr/bx/n on input line 35.
LaTeX Font Info:    Overwriting math alphabet `\mathsf' in version `bold'
(Font)                  OT1/cmss/bx/n --> OT1/lmss/bx/n on input line 36.
LaTeX Font Info:    Overwriting math alphabet `\mathit' in version `bold'
(Font)                  OT1/cmr/bx/it --> OT1/lmr/bx/it on input line 37.
LaTeX Font Info:    Overwriting math alphabet `\mathtt' in version `bold'
(Font)                  OT1/cmtt/m/n --> OT1/lmtt/m/n on input line 38.
)
("C:\Users\David\AppData\Local\Programs\MiKTeX 2.9\tex\latex\amsfonts\amssymb.s
ty"
Package: amssymb 2013/01/14 v3.01 AMS font symbols

("C:\Users\David\AppData\Local\Programs\MiKTeX 2.9\tex\latex\amsfonts\amsfonts.
sty"
Package: amsfonts 2013/01/14 v3.01 Basic AMSFonts support
\@emptytoks=\toks14
\symAMSa=\mathgroup4
\symAMSb=\mathgroup5
LaTeX Font Info:    Overwriting math alphabet `\mathfrak' in version `bold'
(Font)                  U/euf/m/n --> U/euf/b/n on input line 106.
))
("C:\Users\David\AppData\Local\Programs\MiKTeX 2.9\tex\latex\amsmath\amsmath.st
y"
Package: amsmath 2017/09/02 v2.17a AMS math features
\@mathmargin=\skip43
For additional information on amsmath, use the `?' option.

("C:\Users\David\AppData\Local\Programs\MiKTeX 2.9\tex\latex\amsmath\amstext.st
y"
Package: amstext 2000/06/29 v2.01 AMS text
("C:\Users\David\AppData\Local\Programs\MiKTeX 2.9\tex\latex\amsmath\amsgen.sty
"
File: amsgen.sty 1999/11/30 v2.0 generic functions
\@emptytoks=\toks15
\ex@=\dimen103
)) ("C:\Users\David\AppData\Local\Programs\MiKTeX 2.9\tex\latex\amsmath\amsbsy.
sty"
Package: amsbsy 1999/11/29 v1.2d Bold Symbols
\pmbraise@=\dimen104
) ("C:\Users\David\AppData\Local\Programs\MiKTeX 2.9\tex\latex\amsmath\amsopn.s
ty"
Package: amsopn 2016/03/08 v2.02 operator names
)
\inf@bad=\count88
LaTeX Info: Redefining \frac on input line 213.
\uproot@=\count89
\leftroot@=\count90
LaTeX Info: Redefining \overline on input line 375.
\classnum@=\count91
\DOTSCASE@=\count92
LaTeX Info: Redefining \ldots on input line 472.
LaTeX Info: Redefining \dots on input line 475.
LaTeX Info: Redefining \cdots on input line 596.
\Mathstrutbox@=\box26
\strutbox@=\box27
\big@size=\dimen105
LaTeX Font Info:    Redeclaring font encoding OML on input line 712.
LaTeX Font Info:    Redeclaring font encoding OMS on input line 713.
\macc@depth=\count93
\c@MaxMatrixCols=\count94
\dotsspace@=\muskip10
\c@parentequation=\count95
\dspbrk@lvl=\count96
\tag@help=\toks16
\row@=\count97
\column@=\count98
\maxfields@=\count99
\andhelp@=\toks17
\eqnshift@=\dimen106
\alignsep@=\dimen107
\tagshift@=\dimen108
\tagwidth@=\dimen109
\totwidth@=\dimen110
\lineht@=\dimen111
\@envbody=\toks18
\multlinegap=\skip44
\multlinetaggap=\skip45
\mathdisplay@stack=\toks19
LaTeX Info: Redefining \[ on input line 2817.
LaTeX Info: Redefining \] on input line 2818.
)
("C:\Users\David\AppData\Local\Programs\MiKTeX 2.9\tex\generic\ifxetex\ifxetex.
sty"
Package: ifxetex 2010/09/12 v0.6 Provides ifxetex conditional
)
("C:\Users\David\AppData\Local\Programs\MiKTeX 2.9\tex\generic\oberdiek\ifluate
x.sty"
Package: ifluatex 2016/05/16 v1.4 Provides the ifluatex switch (HO)
Package ifluatex Info: LuaTeX not detected.
) ("C:\Users\David\AppData\Local\Programs\MiKTeX 2.9\tex\latex\base\fixltx2e.st
y"
Package: fixltx2e 2016/12/29 v2.1a fixes to LaTeX (obsolete)
Applying: [2015/01/01] Old fixltx2e package on input line 46.

Package fixltx2e Warning: fixltx2e is not required with releases after 2015
(fixltx2e)                All fixes are now in the LaTeX kernel.
(fixltx2e)                See the latexrelease package for details.

Already applied: [0000/00/00] Old fixltx2e package on input line 53.
) ("C:\Users\David\AppData\Local\Programs\MiKTeX 2.9\tex\latex\base\fontenc.sty
"
Package: fontenc 2017/04/05 v2.0i Standard LaTeX package
("C:\Users\David\AppData\Local\Programs\MiKTeX 2.9\tex\latex\base\t1enc.def"
File: t1enc.def 2017/04/05 v2.0i Standard LaTeX file
LaTeX Font Info:    Redeclaring font encoding T1 on input line 48.
)) ("C:\Users\David\AppData\Local\Programs\MiKTeX 2.9\tex\latex\base\inputenc.s
ty"
Package: inputenc 2018/04/06 v1.3b Input encoding file
\inpenc@prehook=\toks20
\inpenc@posthook=\toks21
)
("C:\Users\David\AppData\Local\Programs\MiKTeX 2.9\tex\latex\upquote\upquote.st
y"
Package: upquote 2012/04/19 v1.3 upright-quote and grave-accent glyphs in verba
tim
("C:\Users\David\AppData\Local\Programs\MiKTeX 2.9\tex\latex\base\textcomp.sty"
Package: textcomp 2017/04/05 v2.0i Standard LaTeX package
Package textcomp Info: Sub-encoding information:
(textcomp)               5 = only ISO-Adobe without \textcurrency
(textcomp)               4 = 5 + \texteuro
(textcomp)               3 = 4 + \textohm
(textcomp)               2 = 3 + \textestimated + \textcurrency
(textcomp)               1 = TS1 - \textcircled - \t
(textcomp)               0 = TS1 (full)
(textcomp)             Font families with sub-encoding setting implement
(textcomp)             only a restricted character set as indicated.
(textcomp)             Family '?' is the default used for unknown fonts.
(textcomp)             See the documentation for details.
Package textcomp Info: Setting ? sub-encoding to TS1/1 on input line 79.
("C:\Users\David\AppData\Local\Programs\MiKTeX 2.9\tex\latex\base\ts1enc.def"
File: ts1enc.def 2001/06/05 v3.0e (jk/car/fm) Standard LaTeX file
Now handling font encoding TS1 ...
... processing UTF-8 mapping file for font encoding TS1
("C:\Users\David\AppData\Local\Programs\MiKTeX 2.9\tex\latex\base\ts1enc.dfu"
File: ts1enc.dfu 2018/04/05 v1.2c UTF-8 support for inputenc
   defining Unicode char U+00A2 (decimal 162)
   defining Unicode char U+00A3 (decimal 163)
   defining Unicode char U+00A4 (decimal 164)
   defining Unicode char U+00A5 (decimal 165)
   defining Unicode char U+00A6 (decimal 166)
   defining Unicode char U+00A7 (decimal 167)
   defining Unicode char U+00A8 (decimal 168)
   defining Unicode char U+00A9 (decimal 169)
   defining Unicode char U+00AA (decimal 170)
   defining Unicode char U+00AC (decimal 172)
   defining Unicode char U+00AE (decimal 174)
   defining Unicode char U+00AF (decimal 175)
   defining Unicode char U+00B0 (decimal 176)
   defining Unicode char U+00B1 (decimal 177)
   defining Unicode char U+00B2 (decimal 178)
   defining Unicode char U+00B3 (decimal 179)
   defining Unicode char U+00B4 (decimal 180)
   defining Unicode char U+00B5 (decimal 181)
   defining Unicode char U+00B6 (decimal 182)
   defining Unicode char U+00B7 (decimal 183)
   defining Unicode char U+00B9 (decimal 185)
   defining Unicode char U+00BA (decimal 186)
   defining Unicode char U+00BC (decimal 188)
   defining Unicode char U+00BD (decimal 189)
   defining Unicode char U+00BE (decimal 190)
   defining Unicode char U+00D7 (decimal 215)
   defining Unicode char U+00F7 (decimal 247)
   defining Unicode char U+0192 (decimal 402)
   defining Unicode char U+02C7 (decimal 711)
   defining Unicode char U+02D8 (decimal 728)
   defining Unicode char U+02DD (decimal 733)
   defining Unicode char U+0E3F (decimal 3647)
   defining Unicode char U+2016 (decimal 8214)
   defining Unicode char U+2020 (decimal 8224)
   defining Unicode char U+2021 (decimal 8225)
   defining Unicode char U+2022 (decimal 8226)
   defining Unicode char U+2030 (decimal 8240)
   defining Unicode char U+2031 (decimal 8241)
   defining Unicode char U+203B (decimal 8251)
   defining Unicode char U+203D (decimal 8253)
   defining Unicode char U+2044 (decimal 8260)
   defining Unicode char U+204E (decimal 8270)
   defining Unicode char U+2052 (decimal 8274)
   defining Unicode char U+20A1 (decimal 8353)
   defining Unicode char U+20A4 (decimal 8356)
   defining Unicode char U+20A6 (decimal 8358)
   defining Unicode char U+20A9 (decimal 8361)
   defining Unicode char U+20AB (decimal 8363)
   defining Unicode char U+20AC (decimal 8364)
   defining Unicode char U+20B1 (decimal 8369)
   defining Unicode char U+2103 (decimal 8451)
   defining Unicode char U+2116 (decimal 8470)
   defining Unicode char U+2117 (decimal 8471)
   defining Unicode char U+211E (decimal 8478)
   defining Unicode char U+2120 (decimal 8480)
   defining Unicode char U+2122 (decimal 8482)
   defining Unicode char U+2126 (decimal 8486)
   defining Unicode char U+2127 (decimal 8487)
   defining Unicode char U+212E (decimal 8494)
   defining Unicode char U+2190 (decimal 8592)
   defining Unicode char U+2191 (decimal 8593)
   defining Unicode char U+2192 (decimal 8594)
   defining Unicode char U+2193 (decimal 8595)
   defining Unicode char U+2329 (decimal 9001)
   defining Unicode char U+232A (decimal 9002)
   defining Unicode char U+2422 (decimal 9250)
   defining Unicode char U+25E6 (decimal 9702)
   defining Unicode char U+25EF (decimal 9711)
   defining Unicode char U+266A (decimal 9834)
   defining Unicode char U+FEFF (decimal 65279)
))
LaTeX Info: Redefining \oldstylenums on input line 334.
Package textcomp Info: Setting cmr sub-encoding to TS1/0 on input line 349.
Package textcomp Info: Setting cmss sub-encoding to TS1/0 on input line 350.
Package textcomp Info: Setting cmtt sub-encoding to TS1/0 on input line 351.
Package textcomp Info: Setting cmvtt sub-encoding to TS1/0 on input line 352.
Package textcomp Info: Setting cmbr sub-encoding to TS1/0 on input line 353.
Package textcomp Info: Setting cmtl sub-encoding to TS1/0 on input line 354.
Package textcomp Info: Setting ccr sub-encoding to TS1/0 on input line 355.
Package textcomp Info: Setting ptm sub-encoding to TS1/4 on input line 356.
Package textcomp Info: Setting pcr sub-encoding to TS1/4 on input line 357.
Package textcomp Info: Setting phv sub-encoding to TS1/4 on input line 358.
Package textcomp Info: Setting ppl sub-encoding to TS1/3 on input line 359.
Package textcomp Info: Setting pag sub-encoding to TS1/4 on input line 360.
Package textcomp Info: Setting pbk sub-encoding to TS1/4 on input line 361.
Package textcomp Info: Setting pnc sub-encoding to TS1/4 on input line 362.
Package textcomp Info: Setting pzc sub-encoding to TS1/4 on input line 363.
Package textcomp Info: Setting bch sub-encoding to TS1/4 on input line 364.
Package textcomp Info: Setting put sub-encoding to TS1/5 on input line 365.
Package textcomp Info: Setting uag sub-encoding to TS1/5 on input line 366.
Package textcomp Info: Setting ugq sub-encoding to TS1/5 on input line 367.
Package textcomp Info: Setting ul8 sub-encoding to TS1/4 on input line 368.
Package textcomp Info: Setting ul9 sub-encoding to TS1/4 on input line 369.
Package textcomp Info: Setting augie sub-encoding to TS1/5 on input line 370.
Package textcomp Info: Setting dayrom sub-encoding to TS1/3 on input line 371.
Package textcomp Info: Setting dayroms sub-encoding to TS1/3 on input line 372.

Package textcomp Info: Setting pxr sub-encoding to TS1/0 on input line 373.
Package textcomp Info: Setting pxss sub-encoding to TS1/0 on input line 374.
Package textcomp Info: Setting pxtt sub-encoding to TS1/0 on input line 375.
Package textcomp Info: Setting txr sub-encoding to TS1/0 on input line 376.
Package textcomp Info: Setting txss sub-encoding to TS1/0 on input line 377.
Package textcomp Info: Setting txtt sub-encoding to TS1/0 on input line 378.
Package textcomp Info: Setting lmr sub-encoding to TS1/0 on input line 379.
Package textcomp Info: Setting lmdh sub-encoding to TS1/0 on input line 380.
Package textcomp Info: Setting lmss sub-encoding to TS1/0 on input line 381.
Package textcomp Info: Setting lmssq sub-encoding to TS1/0 on input line 382.
Package textcomp Info: Setting lmvtt sub-encoding to TS1/0 on input line 383.
Package textcomp Info: Setting lmtt sub-encoding to TS1/0 on input line 384.
Package textcomp Info: Setting qhv sub-encoding to TS1/0 on input line 385.
Package textcomp Info: Setting qag sub-encoding to TS1/0 on input line 386.
Package textcomp Info: Setting qbk sub-encoding to TS1/0 on input line 387.
Package textcomp Info: Setting qcr sub-encoding to TS1/0 on input line 388.
Package textcomp Info: Setting qcs sub-encoding to TS1/0 on input line 389.
Package textcomp Info: Setting qpl sub-encoding to TS1/0 on input line 390.
Package textcomp Info: Setting qtm sub-encoding to TS1/0 on input line 391.
Package textcomp Info: Setting qzc sub-encoding to TS1/0 on input line 392.
Package textcomp Info: Setting qhvc sub-encoding to TS1/0 on input line 393.
Package textcomp Info: Setting futs sub-encoding to TS1/4 on input line 394.
Package textcomp Info: Setting futx sub-encoding to TS1/4 on input line 395.
Package textcomp Info: Setting futj sub-encoding to TS1/4 on input line 396.
Package textcomp Info: Setting hlh sub-encoding to TS1/3 on input line 397.
Package textcomp Info: Setting hls sub-encoding to TS1/3 on input line 398.
Package textcomp Info: Setting hlst sub-encoding to TS1/3 on input line 399.
Package textcomp Info: Setting hlct sub-encoding to TS1/5 on input line 400.
Package textcomp Info: Setting hlx sub-encoding to TS1/5 on input line 401.
Package textcomp Info: Setting hlce sub-encoding to TS1/5 on input line 402.
Package textcomp Info: Setting hlcn sub-encoding to TS1/5 on input line 403.
Package textcomp Info: Setting hlcw sub-encoding to TS1/5 on input line 404.
Package textcomp Info: Setting hlcf sub-encoding to TS1/5 on input line 405.
Package textcomp Info: Setting pplx sub-encoding to TS1/3 on input line 406.
Package textcomp Info: Setting pplj sub-encoding to TS1/3 on input line 407.
Package textcomp Info: Setting ptmx sub-encoding to TS1/4 on input line 408.
Package textcomp Info: Setting ptmj sub-encoding to TS1/4 on input line 409.
))
("C:\Users\David\AppData\Local\Programs\MiKTeX 2.9\tex\latex\microtype\microtyp
e.sty"
Package: microtype 2018/01/14 v2.7a Micro-typographical refinements (RS)

("C:\Users\David\AppData\Local\Programs\MiKTeX 2.9\tex\latex\graphics\keyval.st
y"
Package: keyval 2014/10/28 v1.15 key=value parser (DPC)
\KV@toks@=\toks22
)
\MT@toks=\toks23
\MT@count=\count100
LaTeX Info: Redefining \textls on input line 793.
\MT@outer@kern=\dimen112
LaTeX Info: Redefining \textmicrotypecontext on input line 1339.
\MT@listname@count=\count101

("C:\Users\David\AppData\Local\Programs\MiKTeX 2.9\tex\latex\microtype\microtyp
e-pdftex.def"
File: microtype-pdftex.def 2018/01/14 v2.7a Definitions specific to pdftex (RS)

LaTeX Info: Redefining \lsstyle on input line 913.
LaTeX Info: Redefining \lslig on input line 913.
\MT@outer@space=\skip46
)
Package microtype Info: Loading configuration file microtype.cfg.

("C:\Users\David\AppData\Local\Programs\MiKTeX 2.9\tex\latex\microtype\microtyp
e.cfg"
File: microtype.cfg 2018/01/14 v2.7a microtype main configuration file (RS)
))
("C:\Users\David\AppData\Local\Programs\MiKTeX 2.9\tex\latex\geometry\geometry.
sty"
Package: geometry 2018/04/16 v5.8 Page Geometry

("C:\Users\David\AppData\Local\Programs\MiKTeX 2.9\tex\generic\oberdiek\ifpdf.s
ty"
Package: ifpdf 2017/03/15 v3.2 Provides the ifpdf switch
)
("C:\Users\David\AppData\Local\Programs\MiKTeX 2.9\tex\generic\oberdiek\ifvtex.
sty"
Package: ifvtex 2016/05/16 v1.6 Detect VTeX and its facilities (HO)
Package ifvtex Info: VTeX not detected.
)
\Gm@cnth=\count102
\Gm@cntv=\count103
\c@Gm@tempcnt=\count104
\Gm@bindingoffset=\dimen113
\Gm@wd@mp=\dimen114
\Gm@odd@mp=\dimen115
\Gm@even@mp=\dimen116
\Gm@layoutwidth=\dimen117
\Gm@layoutheight=\dimen118
\Gm@layouthoffset=\dimen119
\Gm@layoutvoffset=\dimen120
\Gm@dimlist=\toks24

("C:\Users\David\AppData\Local\Programs\MiKTeX 2.9\tex\latex\geometry\geometry.
cfg"))
("C:\Users\David\AppData\Local\Programs\MiKTeX 2.9\tex\latex\hyperref\hyperref.
sty"
Package: hyperref 2018/02/06 v6.86b Hypertext links for LaTeX

("C:\Users\David\AppData\Local\Programs\MiKTeX 2.9\tex\generic\oberdiek\hobsub-
hyperref.sty"
Package: hobsub-hyperref 2016/05/16 v1.14 Bundle oberdiek, subset hyperref (HO)


("C:\Users\David\AppData\Local\Programs\MiKTeX 2.9\tex\generic\oberdiek\hobsub-
generic.sty"
Package: hobsub-generic 2016/05/16 v1.14 Bundle oberdiek, subset generic (HO)
Package: hobsub 2016/05/16 v1.14 Construct package bundles (HO)
Package: infwarerr 2016/05/16 v1.4 Providing info/warning/error messages (HO)
Package: ltxcmds 2016/05/16 v1.23 LaTeX kernel commands for general use (HO)
Package hobsub Info: Skipping package `ifluatex' (already loaded).
Package hobsub Info: Skipping package `ifvtex' (already loaded).
Package: intcalc 2016/05/16 v1.2 Expandable calculations with integers (HO)
Package hobsub Info: Skipping package `ifpdf' (already loaded).
Package: etexcmds 2016/05/16 v1.6 Avoid name clashes with e-TeX commands (HO)
Package etexcmds Info: Could not find \expanded.
(etexcmds)             That can mean that you are not using pdfTeX 1.50 or
(etexcmds)             that some package has redefined \expanded.
(etexcmds)             In the latter case, load this package earlier.
Package: kvsetkeys 2016/05/16 v1.17 Key value parser (HO)
Package: kvdefinekeys 2016/05/16 v1.4 Define keys (HO)
Package: pdftexcmds 2018/01/30 v0.27 Utility functions of pdfTeX for LuaTeX (HO
)
Package pdftexcmds Info: LuaTeX not detected.
Package pdftexcmds Info: \pdf@primitive is available.
Package pdftexcmds Info: \pdf@ifprimitive is available.
Package pdftexcmds Info: \pdfdraftmode found.
Package: pdfescape 2016/05/16 v1.14 Implements pdfTeX's escape features (HO)
Package: bigintcalc 2016/05/16 v1.4 Expandable calculations on big integers (HO
)
Package: bitset 2016/05/16 v1.2 Handle bit-vector datatype (HO)
Package: uniquecounter 2016/05/16 v1.3 Provide unlimited unique counter (HO)
)
Package hobsub Info: Skipping package `hobsub' (already loaded).
Package: letltxmacro 2016/05/16 v1.5 Let assignment for LaTeX macros (HO)
Package: hopatch 2016/05/16 v1.3 Wrapper for package hooks (HO)
Package: xcolor-patch 2016/05/16 xcolor patch
Package: atveryend 2016/05/16 v1.9 Hooks at the very end of document (HO)
Package atveryend Info: \enddocument detected (standard20110627).
Package: atbegshi 2016/06/09 v1.18 At begin shipout hook (HO)
Package: refcount 2016/05/16 v3.5 Data extraction from label references (HO)
Package: hycolor 2016/05/16 v1.8 Color options for hyperref/bookmark (HO)
)
("C:\Users\David\AppData\Local\Programs\MiKTeX 2.9\tex\latex\oberdiek\auxhook.s
ty"
Package: auxhook 2016/05/16 v1.4 Hooks for auxiliary files (HO)
)
("C:\Users\David\AppData\Local\Programs\MiKTeX 2.9\tex\latex\oberdiek\kvoptions
.sty"
Package: kvoptions 2016/05/16 v3.12 Key value format for package options (HO)
)
\@linkdim=\dimen121
\Hy@linkcounter=\count105
\Hy@pagecounter=\count106

("C:\Users\David\AppData\Local\Programs\MiKTeX 2.9\tex\latex\hyperref\pd1enc.de
f"
File: pd1enc.def 2018/02/06 v6.86b Hyperref: PDFDocEncoding definition (HO)
Now handling font encoding PD1 ...
... no UTF-8 mapping file for font encoding PD1
)
\Hy@SavedSpaceFactor=\count107

("C:\Users\David\AppData\Local\Programs\MiKTeX 2.9\tex\latex\00miktex\hyperref.
cfg"
File: hyperref.cfg 2002/06/06 v1.2 hyperref configuration of TeXLive
)
Package hyperref Info: Hyper figures OFF on input line 4509.
Package hyperref Info: Link nesting OFF on input line 4514.
Package hyperref Info: Hyper index ON on input line 4517.
Package hyperref Info: Plain pages OFF on input line 4524.
Package hyperref Info: Backreferencing OFF on input line 4529.
Package hyperref Info: Implicit mode ON; LaTeX internals redefined.
Package hyperref Info: Bookmarks ON on input line 4762.
\c@Hy@tempcnt=\count108
("C:\Users\David\AppData\Local\Programs\MiKTeX 2.9\tex\latex\url\url.sty"
\Urlmuskip=\muskip11
Package: url 2013/09/16  ver 3.4  Verb mode for urls, etc.
)
LaTeX Info: Redefining \url on input line 5115.
\XeTeXLinkMargin=\dimen122
\Fld@menulength=\count109
\Field@Width=\dimen123
\Fld@charsize=\dimen124
Package hyperref Info: Hyper figures OFF on input line 6369.
Package hyperref Info: Link nesting OFF on input line 6374.
Package hyperref Info: Hyper index ON on input line 6377.
Package hyperref Info: backreferencing OFF on input line 6384.
Package hyperref Info: Link coloring OFF on input line 6389.
Package hyperref Info: Link coloring with OCG OFF on input line 6394.
Package hyperref Info: PDF/A mode OFF on input line 6399.
LaTeX Info: Redefining \ref on input line 6439.
LaTeX Info: Redefining \pageref on input line 6443.
\Hy@abspage=\count110
\c@Item=\count111
\c@Hfootnote=\count112
)
Package hyperref Info: Driver (autodetected): hpdftex.

("C:\Users\David\AppData\Local\Programs\MiKTeX 2.9\tex\latex\hyperref\hpdftex.d
ef"
File: hpdftex.def 2018/02/06 v6.86b Hyperref driver for pdfTeX
\Fld@listcount=\count113
\c@bookmark@seq@number=\count114

("C:\Users\David\AppData\Local\Programs\MiKTeX 2.9\tex\latex\oberdiek\rerunfile
check.sty"
Package: rerunfilecheck 2016/05/16 v1.8 Rerun checks for auxiliary files (HO)
Package uniquecounter Info: New unique counter `rerunfilecheck' on input line 2
82.
)
\Hy@SectionHShift=\skip47
)
Package hyperref Info: Option `unicode' set `true' on input line 30.
("C:\Users\David\AppData\Local\Programs\MiKTeX 2.9\tex\latex\hyperref\puenc.def
"
File: puenc.def 2018/02/06 v6.86b Hyperref: PDF Unicode definition (HO)
Now handling font encoding PU ...
... no UTF-8 mapping file for font encoding PU
)
Package hyperref Info: Option `breaklinks' set `true' on input line 30.
("C:\Users\David\AppData\Local\Programs\MiKTeX 2.9\tex\latex\graphics\color.sty
"
Package: color 2016/07/10 v1.1e Standard LaTeX Color (DPC)

("C:\Users\David\AppData\Local\Programs\MiKTeX 2.9\tex\latex\graphics-cfg\color
.cfg"
File: color.cfg 2016/01/02 v1.6 sample color configuration
)
Package color Info: Driver file: pdftex.def on input line 147.

("C:\Users\David\AppData\Local\Programs\MiKTeX 2.9\tex\latex\graphics-def\pdfte
x.def"
File: pdftex.def 2018/01/08 v1.0l Graphics/color driver for pdftex
))
("C:\Users\David\AppData\Local\Programs\MiKTeX 2.9\tex\latex\fancyvrb\fancyvrb.
sty"
Package: fancyvrb 2008/02/07

Style option: `fancyvrb' v2.7a, with DG/SPQR fixes, and firstline=lastline fix 
<2008/02/07> (tvz)
\FV@CodeLineNo=\count115
\FV@InFile=\read1
\FV@TabBox=\box28
\c@FancyVerbLine=\count116
\FV@StepNumber=\count117
\FV@OutFile=\write3
) ("C:\Users\David\AppData\Local\Programs\MiKTeX 2.9\tex\latex\framed\framed.st
y"
Package: framed 2011/10/22 v 0.96: framed or shaded text with page breaks
\OuterFrameSep=\skip48
\fb@frw=\dimen125
\fb@frh=\dimen126
\FrameRule=\dimen127
\FrameSep=\dimen128
)
("C:\Users\David\AppData\Local\Programs\MiKTeX 2.9\tex\latex\graphics\graphicx.
sty"
Package: graphicx 2017/06/01 v1.1a Enhanced LaTeX Graphics (DPC,SPQR)

("C:\Users\David\AppData\Local\Programs\MiKTeX 2.9\tex\latex\graphics\graphics.
sty"
Package: graphics 2017/06/25 v1.2c Standard LaTeX Graphics (DPC,SPQR)
("C:\Users\David\AppData\Local\Programs\MiKTeX 2.9\tex\latex\graphics\trig.sty"
Package: trig 2016/01/03 v1.10 sin cos tan (DPC)
)
("C:\Users\David\AppData\Local\Programs\MiKTeX 2.9\tex\latex\graphics-cfg\graph
ics.cfg"
File: graphics.cfg 2016/06/04 v1.11 sample graphics configuration
)
Package graphics Info: Driver file: pdftex.def on input line 99.
)
\Gin@req@height=\dimen129
\Gin@req@width=\dimen130
)
("C:\Users\David\AppData\Local\Programs\MiKTeX 2.9\tex\latex\oberdiek\grffile.s
ty"
Package: grffile 2017/06/30 v1.18 Extended file name support for graphics (HO)
Package grffile Info: Option `multidot' is set to `true'.
Package grffile Info: Option `extendedchars' is set to `false'.
Package grffile Info: Option `space' is set to `true'.
Package grffile Info: \Gin@ii of package `graphicx' fixed on input line 494.
)
("C:\Users\David\AppData\Local\Programs\MiKTeX 2.9\tex\latex\parskip\parskip.st
y"
Package: parskip 2001/04/09 non-zero parskip adjustments
)
("C:\Users\David\AppData\Local\Programs\MiKTeX 2.9\tex\latex\titling\titling.st
y"
Package: titling 2009/09/04 v2.1d maketitle typesetting
\thanksmarkwidth=\skip49
\thanksmargin=\skip50
\droptitle=\skip51
) ("C:\Users\David\AppData\Local\Programs\MiKTeX 2.9\tex\latex\subfig\subfig.st
y"
Package: subfig 2005/06/28 ver: 1.3 subfig package

("C:\Users\David\AppData\Local\Programs\MiKTeX 2.9\tex\latex\caption\caption.st
y"
Package: caption 2020/10/26 v3.5g Customizing captions (AR)

("C:\Users\David\AppData\Local\Programs\MiKTeX 2.9\tex\latex\caption\caption3.s
ty"
Package: caption3 2020/10/21 v2.2e caption3 kernel (AR)
\captionmargin=\dimen131
\captionmargin@=\dimen132
\captionwidth=\dimen133
\caption@tempdima=\dimen134
\caption@indent=\dimen135
\caption@parindent=\dimen136
\caption@hangindent=\dimen137
Package caption Info: Standard document class detected.
)
\c@caption@flags=\count118
\c@continuedfloat=\count119
Package caption Info: hyperref package is loaded.
)
\c@KVtest=\count120
\sf@farskip=\skip52
\sf@captopadj=\dimen138
\sf@capskip=\skip53
\sf@nearskip=\skip54
\c@subfigure=\count121
\c@subfigure@save=\count122
\c@lofdepth=\count123
\c@subtable=\count124
\c@subtable@save=\count125
\c@lotdepth=\count126
\sf@top=\skip55
\sf@bottom=\skip56
)
("C:\Users\David\AppData\Local\Programs\MiKTeX 2.9\tex\latex\booktabs\booktabs.
sty"
Package: booktabs 2020/01/12 v1.61803398 Publication quality tables
\heavyrulewidth=\dimen139
\lightrulewidth=\dimen140
\cmidrulewidth=\dimen141
\belowrulesep=\dimen142
\belowbottomsep=\dimen143
\aboverulesep=\dimen144
\abovetopsep=\dimen145
\cmidrulesep=\dimen146
\cmidrulekern=\dimen147
\defaultaddspace=\dimen148
\@cmidla=\count127
\@cmidlb=\count128
\@aboverulesep=\dimen149
\@belowrulesep=\dimen150
\@thisruleclass=\count129
\@lastruleclass=\count130
\@thisrulewidth=\dimen151
)
("C:\Users\David\AppData\Local\Programs\MiKTeX 2.9\tex\latex\tools\longtable.st
y"
Package: longtable 2014/10/28 v4.11 Multi-page Table package (DPC)
\LTleft=\skip57
\LTright=\skip58
\LTpre=\skip59
\LTpost=\skip60
\LTchunksize=\count131
\LTcapwidth=\dimen152
\LT@head=\box29
\LT@firsthead=\box30
\LT@foot=\box31
\LT@lastfoot=\box32
\LT@cols=\count132
\LT@rows=\count133
\c@LT@tables=\count134
\c@LT@chunks=\count135
\LT@p@ftn=\toks25
) ("C:\Users\David\AppData\Local\Programs\MiKTeX 2.9\tex\latex\tools\array.sty"
Package: array 2018/04/30 v2.4h Tabular extension package (FMi)
\col@sep=\dimen153
\ar@mcellbox=\box33
\extrarowheight=\dimen154
\NC@list=\toks26
\extratabsurround=\skip61
\backup@length=\skip62
\ar@cellbox=\box34
)
("C:\Users\David\AppData\Local\Programs\MiKTeX 2.9\tex\latex\multirow\multirow.
sty"
Package: multirow 2016/11/25 v2.2 Span multiple rows of a table
\multirow@colwidth=\skip63
\multirow@cntb=\count136
\multirow@dima=\skip64
\bigstrutjot=\dimen155
)
("C:\Users\David\AppData\Local\Programs\MiKTeX 2.9\tex\latex\wrapfig\wrapfig.st
y"
\wrapoverhang=\dimen156
\WF@size=\dimen157
\c@WF@wrappedlines=\count137
\WF@box=\box35
\WF@everypar=\toks27
Package: wrapfig 2003/01/31  v 3.6
) ("C:\Users\David\AppData\Local\Programs\MiKTeX 2.9\tex\latex\float\float.sty"
Package: float 2001/11/08 v1.3d Float enhancements (AL)
\c@float@type=\count138
\float@exts=\toks28
\float@box=\box36
\@float@everytoks=\toks29
\@floatcapt=\box37
)
("C:\Users\David\AppData\Local\Programs\MiKTeX 2.9\tex\latex\colortbl\colortbl.
sty"
Package: colortbl 2020/01/04 v1.0e Color table columns (DPC)
\everycr=\toks30
\minrowclearance=\skip65
)
("C:\Users\David\AppData\Local\Programs\MiKTeX 2.9\tex\latex\oberdiek\pdflscape
.sty"
Package: pdflscape 2016/05/14 v0.11 Display of landscape pages in PDF (HO)

("C:\Users\David\AppData\Local\Programs\MiKTeX 2.9\tex\latex\graphics\lscape.st
y"
Package: lscape 2000/10/22 v3.01 Landscape Pages (DPC)
)
Package pdflscape Info: Auto-detected driver: pdftex on input line 81.
) ("C:\Users\David\AppData\Local\Programs\MiKTeX 2.9\tex\latex\tabu\tabu.sty"
Package: tabu 2019/01/11 v2.9 - flexible LaTeX tabulars (FC+tabu-fixed)

("C:\Users\David\AppData\Local\Programs\MiKTeX 2.9\tex\latex\varwidth\varwidth.
sty"
Package: varwidth 2009/03/30 ver 0.92;  Variable-width minipages
\@vwid@box=\box38
\sift@deathcycles=\count139
\@vwid@loff=\dimen158
\@vwid@roff=\dimen159
)
\c@taburow=\count140
\tabu@nbcols=\count141
\tabu@cnt=\count142
\tabu@Xcol=\count143
\tabu@alloc=\count144
\tabu@nested=\count145
\tabu@target=\dimen160
\tabu@spreadtarget=\dimen161
\tabu@naturalX=\dimen162
\tabucolX=\dimen163
\tabu@Xsum=\dimen164
\extrarowdepth=\dimen165
\abovetabulinesep=\dimen166
\belowtabulinesep=\dimen167
\tabustrutrule=\dimen168
\tabu@thebody=\toks31
\tabu@footnotes=\toks32
\tabu@box=\box39
\tabu@arstrutbox=\box40
\tabu@hleads=\box41
\tabu@vleads=\box42
\tabu@cellskip=\skip66
)
("C:\Users\David\AppData\Local\Programs\MiKTeX 2.9\tex\latex\threeparttable\thr
eeparttable.sty"
Package: threeparttable 2003/06/13  v 3.0
\@tempboxb=\box43
)
("C:\Users\David\AppData\Local\Programs\MiKTeX 2.9\tex\latex\threeparttablex\th
reeparttablex.sty"
Package: threeparttablex 2013/07/23 v0.3 by daleif

("C:\Users\David\AppData\Local\Programs\MiKTeX 2.9\tex\latex\environ\environ.st
y"
Package: environ 2014/05/04 v0.3 A new way to define environments

("C:\Users\David\AppData\Local\Programs\MiKTeX 2.9\tex\latex\trimspaces\trimspa
ces.sty"
Package: trimspaces 2009/09/17 v1.1 Trim spaces around a token list
))
\TPTL@width=\skip67
) ("C:\Users\David\AppData\Local\Programs\MiKTeX 2.9\tex\latex\ulem\ulem.sty"
\UL@box=\box44
\UL@hyphenbox=\box45
\UL@skip=\skip68
\UL@hook=\toks33
\UL@height=\dimen169
\UL@pe=\count146
\UL@pixel=\dimen170
\ULC@box=\box46
Package: ulem 2019/11/18
\ULdepth=\dimen171
)
("C:\Users\David\AppData\Local\Programs\MiKTeX 2.9\tex\latex\makecell\makecell.
sty"
Package: makecell 2009/08/03 V0.1e Managing of Tab Column Heads and Cells
\rotheadsize=\dimen172
\c@nlinenum=\count147
\TeXr@lab=\toks34
) ("C:\Users\David\AppData\Local\Programs\MiKTeX 2.9\tex\latex\xcolor\xcolor.st
y"
Package: xcolor 2016/05/11 v2.12 LaTeX color extensions (UK)

("C:\Users\David\AppData\Local\Programs\MiKTeX 2.9\tex\latex\graphics-cfg\color
.cfg"
File: color.cfg 2016/01/02 v1.6 sample color configuration
)
Package xcolor Info: Driver file: pdftex.def on input line 225.
LaTeX Info: Redefining \color on input line 709.
Package xcolor Info: Model `cmy' substituted by `cmy0' on input line 1348.
Package xcolor Info: Model `hsb' substituted by `rgb' on input line 1352.
Package xcolor Info: Model `RGB' extended on input line 1364.
Package xcolor Info: Model `HTML' substituted by `rgb' on input line 1366.
Package xcolor Info: Model `Hsb' substituted by `hsb' on input line 1367.
Package xcolor Info: Model `tHsb' substituted by `hsb' on input line 1368.
Package xcolor Info: Model `HSB' substituted by `hsb' on input line 1369.
Package xcolor Info: Model `Gray' substituted by `gray' on input line 1370.
Package xcolor Info: Model `wave' substituted by `hsb' on input line 1371.
) (HCC.aux

LaTeX Warning: Label `tab:unnamed-chunk-14' multiply defined.

)
\openout1 = `HCC.aux'.

LaTeX Font Info:    Checking defaults for OML/cmm/m/it on input line 146.
LaTeX Font Info:    ... okay on input line 146.
LaTeX Font Info:    Checking defaults for T1/cmr/m/n on input line 146.
LaTeX Font Info:    ... okay on input line 146.
LaTeX Font Info:    Checking defaults for OT1/cmr/m/n on input line 146.
LaTeX Font Info:    ... okay on input line 146.
LaTeX Font Info:    Checking defaults for OMS/cmsy/m/n on input line 146.
LaTeX Font Info:    ... okay on input line 146.
LaTeX Font Info:    Checking defaults for OMX/cmex/m/n on input line 146.
LaTeX Font Info:    ... okay on input line 146.
LaTeX Font Info:    Checking defaults for U/cmr/m/n on input line 146.
LaTeX Font Info:    ... okay on input line 146.
LaTeX Font Info:    Checking defaults for TS1/cmr/m/n on input line 146.
LaTeX Font Info:    Try loading font information for TS1+cmr on input line 146.

("C:\Users\David\AppData\Local\Programs\MiKTeX 2.9\tex\latex\base\ts1cmr.fd"
File: ts1cmr.fd 2014/09/29 v2.5h Standard LaTeX font definitions
)
LaTeX Font Info:    ... okay on input line 146.
LaTeX Font Info:    Checking defaults for PD1/pdf/m/n on input line 146.
LaTeX Font Info:    ... okay on input line 146.
LaTeX Font Info:    Checking defaults for PU/pdf/m/n on input line 146.
LaTeX Font Info:    ... okay on input line 146.
LaTeX Font Info:    Try loading font information for T1+lmr on input line 146.
("C:\Users\David\AppData\Local\Programs\MiKTeX 2.9\tex\latex\lm\t1lmr.fd"
File: t1lmr.fd 2009/10/30 v1.6 Font defs for Latin Modern
)
LaTeX Info: Redefining \microtypecontext on input line 146.
Package microtype Info: Generating PDF output.
Package microtype Info: Character protrusion enabled (level 2).
Package microtype Info: Using protrusion set `basicmath'.
Package microtype Info: Automatic font expansion enabled (level 2),
(microtype)             stretch: 20, shrink: 20, step: 1, non-selected.
Package microtype Info: Using default expansion set `basictext'.
Package microtype Info: No adjustment of tracking.
Package microtype Info: No adjustment of interword spacing.
Package microtype Info: No adjustment of character kerning.

("C:\Users\David\AppData\Local\Programs\MiKTeX 2.9\tex\latex\microtype\mt-cmr.c
fg"
File: mt-cmr.cfg 2013/05/19 v2.2 microtype config. file: Computer Modern Roman 
(RS)
)
*geometry* driver: auto-detecting
*geometry* detected driver: pdftex
*geometry* verbose mode - [ preamble ] result:
* driver: pdftex
* paper: <default>
* layout: <same size as paper>
* layoutoffset:(h,v)=(0.0pt,0.0pt)
* modes: 
* h-part:(L,W,R)=(72.26999pt, 469.75502pt, 72.26999pt)
* v-part:(T,H,B)=(72.26999pt, 650.43001pt, 72.26999pt)
* \paperwidth=614.295pt
* \paperheight=794.96999pt
* \textwidth=469.75502pt
* \textheight=650.43001pt
* \oddsidemargin=0.0pt
* \evensidemargin=0.0pt
* \topmargin=-37.0pt
* \headheight=12.0pt
* \headsep=25.0pt
* \topskip=10.0pt
* \footskip=30.0pt
* \marginparwidth=65.0pt
* \marginparsep=11.0pt
* \columnsep=10.0pt
* \skip\footins=9.0pt plus 4.0pt minus 2.0pt
* \hoffset=0.0pt
* \voffset=0.0pt
* \mag=1000
* \@twocolumnfalse
* \@twosidefalse
* \@mparswitchfalse
* \@reversemarginfalse
* (1in=72.27pt=25.4mm, 1cm=28.453pt)

\AtBeginShipoutBox=\box47
Package hyperref Info: Link coloring OFF on input line 146.

("C:\Users\David\AppData\Local\Programs\MiKTeX 2.9\tex\latex\hyperref\nameref.s
ty"
Package: nameref 2016/05/21 v2.44 Cross-referencing by name of section

("C:\Users\David\AppData\Local\Programs\MiKTeX 2.9\tex\generic\oberdiek\gettitl
estring.sty"
Package: gettitlestring 2016/05/16 v1.5 Cleanup title references (HO)
)
\c@section@level=\count148
)
LaTeX Info: Redefining \ref on input line 146.
LaTeX Info: Redefining \pageref on input line 146.
LaTeX Info: Redefining \nameref on input line 146.
(HCC.out) (HCC.out)
\@outlinefile=\write4
\openout4 = `HCC.out'.


("C:\Users\David\AppData\Local\Programs\MiKTeX 2.9\tex\context\base\supp-pdf.mk
ii"
[Loading MPS to PDF converter (version 2006.09.02).]
\scratchcounter=\count149
\scratchdimen=\dimen173
\scratchbox=\box48
\nofMPsegments=\count150
\nofMParguments=\count151
\everyMPshowfont=\toks35
\MPscratchCnt=\count152
\MPscratchDim=\dimen174
\MPnumerator=\count153
\makeMPintoPDFobject=\count154
\everyMPtoPDFconversion=\toks36
)
("C:\Users\David\AppData\Local\Programs\MiKTeX 2.9\tex\latex\oberdiek\epstopdf-
base.sty"
Package: epstopdf-base 2016/05/15 v2.6 Base part for package epstopdf

("C:\Users\David\AppData\Local\Programs\MiKTeX 2.9\tex\latex\oberdiek\grfext.st
y"
Package: grfext 2016/05/16 v1.2 Manage graphics extensions (HO)
)
Package epstopdf-base Info: Redefining graphics rule for `.eps' on input line 4
38.
Package grfext Info: Graphics extension search list:
(grfext)             [.pdf,.png,.jpg,.mps,.jpeg,.jbig2,.jb2,.PDF,.PNG,.JPG,.JPE
G,.JBIG2,.JB2,.eps]
(grfext)             \AppendGraphicsExtensions on input line 456.
)
Package caption Info: Begin \AtBeginDocument code.
Package caption Info: subfig package v1.3 is loaded.
Package caption Info: float package is loaded.
Package caption Info: longtable package is loaded.

("C:\Users\David\AppData\Local\Programs\MiKTeX 2.9\tex\latex\caption\ltcaption.
sty"
Package: ltcaption 2020/05/30 v1.4b longtable captions (AR)
)
Package caption Info: threeparttable package is loaded.
Package caption Info: wrapfig package is loaded.
Package caption Info: End \AtBeginDocument code.
(HCC.toc
LaTeX Font Info:    Try loading font information for OT1+lmr on input line 2.
("C:\Users\David\AppData\Local\Programs\MiKTeX 2.9\tex\latex\lm\ot1lmr.fd"
File: ot1lmr.fd 2009/10/30 v1.6 Font defs for Latin Modern
)
LaTeX Font Info:    Try loading font information for OML+lmm on input line 2.
("C:\Users\David\AppData\Local\Programs\MiKTeX 2.9\tex\latex\lm\omllmm.fd"
File: omllmm.fd 2009/10/30 v1.6 Font defs for Latin Modern
)
LaTeX Font Info:    Try loading font information for OMS+lmsy on input line 2.
("C:\Users\David\AppData\Local\Programs\MiKTeX 2.9\tex\latex\lm\omslmsy.fd"
File: omslmsy.fd 2009/10/30 v1.6 Font defs for Latin Modern
)
LaTeX Font Info:    Try loading font information for OMX+lmex on input line 2.
("C:\Users\David\AppData\Local\Programs\MiKTeX 2.9\tex\latex\lm\omxlmex.fd"
File: omxlmex.fd 2009/10/30 v1.6 Font defs for Latin Modern
)
LaTeX Font Info:    External font `lmex10' loaded for size
(Font)              <10> on input line 2.
LaTeX Font Info:    External font `lmex10' loaded for size
(Font)              <7> on input line 2.
LaTeX Font Info:    External font `lmex10' loaded for size
(Font)              <5> on input line 2.
LaTeX Font Info:    Try loading font information for U+msa on input line 2.
("C:\Users\David\AppData\Local\Programs\MiKTeX 2.9\tex\latex\amsfonts\umsa.fd"
File: umsa.fd 2013/01/14 v3.01 AMS symbols A
)
("C:\Users\David\AppData\Local\Programs\MiKTeX 2.9\tex\latex\microtype\mt-msa.c
fg"
File: mt-msa.cfg 2006/02/04 v1.1 microtype config. file: AMS symbols (a) (RS)
)
LaTeX Font Info:    Try loading font information for U+msb on input line 2.
("C:\Users\David\AppData\Local\Programs\MiKTeX 2.9\tex\latex\amsfonts\umsb.fd"
File: umsb.fd 2013/01/14 v3.01 AMS symbols B
)
("C:\Users\David\AppData\Local\Programs\MiKTeX 2.9\tex\latex\microtype\mt-msb.c
fg"
File: mt-msb.cfg 2005/06/01 v1.0 microtype config. file: AMS symbols (b) (RS)
))
\tf@toc=\write5
\openout5 = `HCC.toc'.

(HCC.lof [1

{C:/Users/David/AppData/Local/MiKTeX/2.9/pdftex/config/pdftex.map}])
\tf@lof=\write6
\openout6 = `HCC.lof'.

(HCC.lot [2])
\tf@lot=\write7
\openout7 = `HCC.lot'.

[3]
LaTeX Font Info:    Try loading font information for TS1+lmr on input line 180.

("C:\Users\David\AppData\Local\Programs\MiKTeX 2.9\tex\latex\lm\ts1lmr.fd"
File: ts1lmr.fd 2009/10/30 v1.6 Font defs for Latin Modern
) [4] [5] [6]

Package xcolor Warning: Incompatible color definition on input line 418.

LaTeX Font Info:    Try loading font information for T1+lmtt on input line 419.

("C:\Users\David\AppData\Local\Programs\MiKTeX 2.9\tex\latex\lm\t1lmtt.fd"
File: t1lmtt.fd 2009/10/30 v1.6 Font defs for Latin Modern
)
LaTeX Font Info:    Font shape `T1/lmtt/bx/n' in size <10> not available
(Font)              Font shape `T1/lmtt/b/n' tried instead on input line 457.
LaTeX Font Info:    Try loading font information for TS1+lmtt on input line 461
.
("C:\Users\David\AppData\Local\Programs\MiKTeX 2.9\tex\latex\lm\ts1lmtt.fd"
File: ts1lmtt.fd 2009/10/30 v1.6 Font defs for Latin Modern
)

Package xcolor Warning: Incompatible color definition on input line 465.


Package xcolor Warning: Incompatible color definition on input line 465.


Package xcolor Warning: Incompatible color definition on input line 465.

[7]

Package xcolor Warning: Incompatible color definition on input line 465.


Package xcolor Warning: Incompatible color definition on input line 465.


Package xcolor Warning: Incompatible color definition on input line 495.


Package xcolor Warning: Incompatible color definition on input line 507.


Package xcolor Warning: Incompatible color definition on input line 507.

[8]

Package xcolor Warning: Incompatible color definition on input line 522.


Package xcolor Warning: Incompatible color definition on input line 531.


Package xcolor Warning: Incompatible color definition on input line 531.


Package xcolor Warning: Incompatible color definition on input line 566.


Package xcolor Warning: Incompatible color definition on input line 591.


Package xcolor Warning: Incompatible color definition on input line 591.


Package xcolor Warning: Incompatible color definition on input line 591.

[9]

Package xcolor Warning: Incompatible color definition on input line 591.


Package xcolor Warning: Incompatible color definition on input line 591.


Package xcolor Warning: Incompatible color definition on input line 647.


Package xcolor Warning: Incompatible color definition on input line 677.


Package xcolor Warning: Incompatible color definition on input line 677.


Package xcolor Warning: Incompatible color definition on input line 677.

[10]

Package xcolor Warning: Incompatible color definition on input line 677.


Package xcolor Warning: Incompatible color definition on input line 677.

[11]

Package xcolor Warning: Incompatible color definition on input line 729.


Package xcolor Warning: Incompatible color definition on input line 737.


Package xcolor Warning: Incompatible color definition on input line 737.


Package xcolor Warning: Incompatible color definition on input line 756.


Package xcolor Warning: Incompatible color definition on input line 768.


Package xcolor Warning: Incompatible color definition on input line 768.


Package xcolor Warning: Incompatible color definition on input line 782.


Package xcolor Warning: Incompatible color definition on input line 788.


Package xcolor Warning: Incompatible color definition on input line 788.

[12]

Package xcolor Warning: Incompatible color definition on input line 803.


Package xcolor Warning: Incompatible color definition on input line 830.


Package xcolor Warning: Incompatible color definition on input line 830.

<HCC_files/figure-latex/unnamed-chunk-9-1.pdf, id=367, 433.62pt x 144.54pt>
File: HCC_files/figure-latex/unnamed-chunk-9-1.pdf Graphic file (type pdf)
<use HCC_files/figure-latex/unnamed-chunk-9-1.pdf>
Package pdftex.def Info: HCC_files/figure-latex/unnamed-chunk-9-1.pdf  used on 
input line 834.
(pdftex.def)             Requested size: 433.63878pt x 144.54623pt.
<HCC_files/figure-latex/unnamed-chunk-9-2.pdf, id=368, 433.62pt x 144.54pt>
File: HCC_files/figure-latex/unnamed-chunk-9-2.pdf Graphic file (type pdf)
<use HCC_files/figure-latex/unnamed-chunk-9-2.pdf>
Package pdftex.def Info: HCC_files/figure-latex/unnamed-chunk-9-2.pdf  used on 
input line 840.
(pdftex.def)             Requested size: 433.63878pt x 144.54623pt.
<HCC_files/figure-latex/unnamed-chunk-9-3.pdf, id=369, 433.62pt x 144.54pt>
File: HCC_files/figure-latex/unnamed-chunk-9-3.pdf Graphic file (type pdf)
<use HCC_files/figure-latex/unnamed-chunk-9-3.pdf>
Package pdftex.def Info: HCC_files/figure-latex/unnamed-chunk-9-3.pdf  used on 
input line 846.
(pdftex.def)             Requested size: 433.63878pt x 144.54623pt.
<HCC_files/figure-latex/unnamed-chunk-9-4.pdf, id=370, 433.62pt x 144.54pt>
File: HCC_files/figure-latex/unnamed-chunk-9-4.pdf Graphic file (type pdf)
<use HCC_files/figure-latex/unnamed-chunk-9-4.pdf>
Package pdftex.def Info: HCC_files/figure-latex/unnamed-chunk-9-4.pdf  used on 
input line 852.
(pdftex.def)             Requested size: 433.63878pt x 144.54623pt.
<HCC_files/figure-latex/unnamed-chunk-9-5.pdf, id=371, 433.62pt x 144.54pt>
File: HCC_files/figure-latex/unnamed-chunk-9-5.pdf Graphic file (type pdf)
<use HCC_files/figure-latex/unnamed-chunk-9-5.pdf>
Package pdftex.def Info: HCC_files/figure-latex/unnamed-chunk-9-5.pdf  used on 
input line 858.
(pdftex.def)             Requested size: 433.63878pt x 144.54623pt.
<HCC_files/figure-latex/unnamed-chunk-9-6.pdf, id=372, 433.62pt x 144.54pt>
File: HCC_files/figure-latex/unnamed-chunk-9-6.pdf Graphic file (type pdf)
<use HCC_files/figure-latex/unnamed-chunk-9-6.pdf>
Package pdftex.def Info: HCC_files/figure-latex/unnamed-chunk-9-6.pdf  used on 
input line 864.
(pdftex.def)             Requested size: 433.63878pt x 144.54623pt.
<HCC_files/figure-latex/unnamed-chunk-9-7.pdf, id=373, 433.62pt x 144.54pt>
File: HCC_files/figure-latex/unnamed-chunk-9-7.pdf Graphic file (type pdf)
<use HCC_files/figure-latex/unnamed-chunk-9-7.pdf>
Package pdftex.def Info: HCC_files/figure-latex/unnamed-chunk-9-7.pdf  used on 
input line 870.
(pdftex.def)             Requested size: 433.63878pt x 144.54623pt.
<HCC_files/figure-latex/unnamed-chunk-9-8.pdf, id=374, 433.62pt x 144.54pt>
File: HCC_files/figure-latex/unnamed-chunk-9-8.pdf Graphic file (type pdf)
<use HCC_files/figure-latex/unnamed-chunk-9-8.pdf>
Package pdftex.def Info: HCC_files/figure-latex/unnamed-chunk-9-8.pdf  used on 
input line 876.
(pdftex.def)             Requested size: 433.63878pt x 144.54623pt.
<HCC_files/figure-latex/unnamed-chunk-9-9.pdf, id=375, 433.62pt x 144.54pt>
File: HCC_files/figure-latex/unnamed-chunk-9-9.pdf Graphic file (type pdf)
<use HCC_files/figure-latex/unnamed-chunk-9-9.pdf>
Package pdftex.def Info: HCC_files/figure-latex/unnamed-chunk-9-9.pdf  used on 
input line 882.
(pdftex.def)             Requested size: 433.63878pt x 144.54623pt.
<HCC_files/figure-latex/unnamed-chunk-9-10.pdf, id=376, 433.62pt x 144.54pt>
File: HCC_files/figure-latex/unnamed-chunk-9-10.pdf Graphic file (type pdf)
<use HCC_files/figure-latex/unnamed-chunk-9-10.pdf>
Package pdftex.def Info: HCC_files/figure-latex/unnamed-chunk-9-10.pdf  used on
 input line 888.
(pdftex.def)             Requested size: 433.63878pt x 144.54623pt.
<HCC_files/figure-latex/unnamed-chunk-9-11.pdf, id=377, 433.62pt x 144.54pt>
File: HCC_files/figure-latex/unnamed-chunk-9-11.pdf Graphic file (type pdf)
<use HCC_files/figure-latex/unnamed-chunk-9-11.pdf>
Package pdftex.def Info: HCC_files/figure-latex/unnamed-chunk-9-11.pdf  used on
 input line 894.
(pdftex.def)             Requested size: 433.63878pt x 144.54623pt.
<HCC_files/figure-latex/unnamed-chunk-9-12.pdf, id=378, 433.62pt x 144.54pt>
File: HCC_files/figure-latex/unnamed-chunk-9-12.pdf Graphic file (type pdf)
<use HCC_files/figure-latex/unnamed-chunk-9-12.pdf>
Package pdftex.def Info: HCC_files/figure-latex/unnamed-chunk-9-12.pdf  used on
 input line 900.
(pdftex.def)             Requested size: 433.63878pt x 144.54623pt.
<HCC_files/figure-latex/unnamed-chunk-9-13.pdf, id=379, 433.62pt x 144.54pt>
File: HCC_files/figure-latex/unnamed-chunk-9-13.pdf Graphic file (type pdf)
<use HCC_files/figure-latex/unnamed-chunk-9-13.pdf>
Package pdftex.def Info: HCC_files/figure-latex/unnamed-chunk-9-13.pdf  used on
 input line 906.
(pdftex.def)             Requested size: 433.63878pt x 144.54623pt.
<HCC_files/figure-latex/unnamed-chunk-9-14.pdf, id=380, 433.62pt x 144.54pt>
File: HCC_files/figure-latex/unnamed-chunk-9-14.pdf Graphic file (type pdf)
<use HCC_files/figure-latex/unnamed-chunk-9-14.pdf>
Package pdftex.def Info: HCC_files/figure-latex/unnamed-chunk-9-14.pdf  used on
 input line 912.
(pdftex.def)             Requested size: 433.63878pt x 144.54623pt.
<HCC_files/figure-latex/unnamed-chunk-9-15.pdf, id=381, 433.62pt x 144.54pt>
File: HCC_files/figure-latex/unnamed-chunk-9-15.pdf Graphic file (type pdf)
<use HCC_files/figure-latex/unnamed-chunk-9-15.pdf>
Package pdftex.def Info: HCC_files/figure-latex/unnamed-chunk-9-15.pdf  used on
 input line 918.
(pdftex.def)             Requested size: 433.63878pt x 144.54623pt.
<HCC_files/figure-latex/unnamed-chunk-9-16.pdf, id=382, 433.62pt x 144.54pt>
File: HCC_files/figure-latex/unnamed-chunk-9-16.pdf Graphic file (type pdf)
<use HCC_files/figure-latex/unnamed-chunk-9-16.pdf>
Package pdftex.def Info: HCC_files/figure-latex/unnamed-chunk-9-16.pdf  used on
 input line 924.
(pdftex.def)             Requested size: 433.63878pt x 144.54623pt.
<HCC_files/figure-latex/unnamed-chunk-9-17.pdf, id=383, 433.62pt x 144.54pt>
File: HCC_files/figure-latex/unnamed-chunk-9-17.pdf Graphic file (type pdf)
<use HCC_files/figure-latex/unnamed-chunk-9-17.pdf>
Package pdftex.def Info: HCC_files/figure-latex/unnamed-chunk-9-17.pdf  used on
 input line 930.
(pdftex.def)             Requested size: 433.63878pt x 144.54623pt.
<HCC_files/figure-latex/unnamed-chunk-9-18.pdf, id=384, 433.62pt x 144.54pt>
File: HCC_files/figure-latex/unnamed-chunk-9-18.pdf Graphic file (type pdf)
<use HCC_files/figure-latex/unnamed-chunk-9-18.pdf>
Package pdftex.def Info: HCC_files/figure-latex/unnamed-chunk-9-18.pdf  used on
 input line 936.
(pdftex.def)             Requested size: 433.63878pt x 144.54623pt.
<HCC_files/figure-latex/unnamed-chunk-9-19.pdf, id=385, 433.62pt x 144.54pt>
File: HCC_files/figure-latex/unnamed-chunk-9-19.pdf Graphic file (type pdf)
<use HCC_files/figure-latex/unnamed-chunk-9-19.pdf>
Package pdftex.def Info: HCC_files/figure-latex/unnamed-chunk-9-19.pdf  used on
 input line 942.
(pdftex.def)             Requested size: 433.63878pt x 144.54623pt.
<HCC_files/figure-latex/unnamed-chunk-9-20.pdf, id=386, 433.62pt x 144.54pt>
File: HCC_files/figure-latex/unnamed-chunk-9-20.pdf Graphic file (type pdf)
<use HCC_files/figure-latex/unnamed-chunk-9-20.pdf>
Package pdftex.def Info: HCC_files/figure-latex/unnamed-chunk-9-20.pdf  used on
 input line 948.
(pdftex.def)             Requested size: 433.63878pt x 144.54623pt.
<HCC_files/figure-latex/unnamed-chunk-9-21.pdf, id=387, 433.62pt x 144.54pt>
File: HCC_files/figure-latex/unnamed-chunk-9-21.pdf Graphic file (type pdf)
<use HCC_files/figure-latex/unnamed-chunk-9-21.pdf>
Package pdftex.def Info: HCC_files/figure-latex/unnamed-chunk-9-21.pdf  used on
 input line 954.
(pdftex.def)             Requested size: 433.63878pt x 144.54623pt.
<HCC_files/figure-latex/unnamed-chunk-9-22.pdf, id=388, 433.62pt x 144.54pt>
File: HCC_files/figure-latex/unnamed-chunk-9-22.pdf Graphic file (type pdf)
<use HCC_files/figure-latex/unnamed-chunk-9-22.pdf>
Package pdftex.def Info: HCC_files/figure-latex/unnamed-chunk-9-22.pdf  used on
 input line 960.
(pdftex.def)             Requested size: 433.63878pt x 144.54623pt.
<HCC_files/figure-latex/unnamed-chunk-9-23.pdf, id=389, 433.62pt x 144.54pt>
File: HCC_files/figure-latex/unnamed-chunk-9-23.pdf Graphic file (type pdf)
<use HCC_files/figure-latex/unnamed-chunk-9-23.pdf>
Package pdftex.def Info: HCC_files/figure-latex/unnamed-chunk-9-23.pdf  used on
 input line 966.
(pdftex.def)             Requested size: 433.63878pt x 144.54623pt.
[13 <./HCC_files/figure-latex/unnamed-chunk-9-1.pdf>] [14 <./HCC_files/figure-l
atex/unnamed-chunk-9-2.pdf> <./HCC_files/figure-latex/unnamed-chunk-9-3.pdf> <.
/HCC_files/figure-latex/unnamed-chunk-9-4.pdf>] [15 <./HCC_files/figure-latex/u
nnamed-chunk-9-5.pdf> <./HCC_files/figure-latex/unnamed-chunk-9-6.pdf> <./HCC_f
iles/figure-latex/unnamed-chunk-9-7.pdf>] [16 <./HCC_files/figure-latex/unnamed
-chunk-9-8.pdf> <./HCC_files/figure-latex/unnamed-chunk-9-9.pdf> <./HCC_files/f
igure-latex/unnamed-chunk-9-10.pdf>] [17 <./HCC_files/figure-latex/unnamed-chun
k-9-11.pdf> <./HCC_files/figure-latex/unnamed-chunk-9-12.pdf> <./HCC_files/figu
re-latex/unnamed-chunk-9-13.pdf>] [18 <./HCC_files/figure-latex/unnamed-chunk-9
-14.pdf> <./HCC_files/figure-latex/unnamed-chunk-9-15.pdf> <./HCC_files/figure-
latex/unnamed-chunk-9-16.pdf>] [19 <./HCC_files/figure-latex/unnamed-chunk-9-17
.pdf> <./HCC_files/figure-latex/unnamed-chunk-9-18.pdf> <./HCC_files/figure-lat
ex/unnamed-chunk-9-19.pdf>] [20 <./HCC_files/figure-latex/unnamed-chunk-9-20.pd
f> <./HCC_files/figure-latex/unnamed-chunk-9-21.pdf> <./HCC_files/figure-latex/
unnamed-chunk-9-22.pdf>]

Package xcolor Warning: Incompatible color definition on input line 998.


Package xcolor Warning: Incompatible color definition on input line 1030.


Package xcolor Warning: Incompatible color definition on input line 1030.


Package xcolor Warning: Incompatible color definition on input line 1030.

[21 <./HCC_files/figure-latex/unnamed-chunk-9-23.pdf>]

Package xcolor Warning: Incompatible color definition on input line 1030.


Package xcolor Warning: Incompatible color definition on input line 1030.

<HCC_files/figure-latex/unnamed-chunk-10-1.pdf, id=545, 433.62pt x 144.54pt>
File: HCC_files/figure-latex/unnamed-chunk-10-1.pdf Graphic file (type pdf)
<use HCC_files/figure-latex/unnamed-chunk-10-1.pdf>
Package pdftex.def Info: HCC_files/figure-latex/unnamed-chunk-10-1.pdf  used on
 input line 1034.
(pdftex.def)             Requested size: 433.63878pt x 144.54623pt.
<HCC_files/figure-latex/unnamed-chunk-10-2.pdf, id=546, 433.62pt x 144.54pt>
File: HCC_files/figure-latex/unnamed-chunk-10-2.pdf Graphic file (type pdf)
<use HCC_files/figure-latex/unnamed-chunk-10-2.pdf>
Package pdftex.def Info: HCC_files/figure-latex/unnamed-chunk-10-2.pdf  used on
 input line 1040.
(pdftex.def)             Requested size: 433.63878pt x 144.54623pt.
<HCC_files/figure-latex/unnamed-chunk-10-3.pdf, id=547, 433.62pt x 144.54pt>
File: HCC_files/figure-latex/unnamed-chunk-10-3.pdf Graphic file (type pdf)
<use HCC_files/figure-latex/unnamed-chunk-10-3.pdf>
Package pdftex.def Info: HCC_files/figure-latex/unnamed-chunk-10-3.pdf  used on
 input line 1046.
(pdftex.def)             Requested size: 433.63878pt x 144.54623pt.
<HCC_files/figure-latex/unnamed-chunk-10-4.pdf, id=548, 433.62pt x 144.54pt>
File: HCC_files/figure-latex/unnamed-chunk-10-4.pdf Graphic file (type pdf)
<use HCC_files/figure-latex/unnamed-chunk-10-4.pdf>
Package pdftex.def Info: HCC_files/figure-latex/unnamed-chunk-10-4.pdf  used on
 input line 1052.
(pdftex.def)             Requested size: 433.63878pt x 144.54623pt.
<HCC_files/figure-latex/unnamed-chunk-10-5.pdf, id=549, 433.62pt x 144.54pt>
File: HCC_files/figure-latex/unnamed-chunk-10-5.pdf Graphic file (type pdf)
<use HCC_files/figure-latex/unnamed-chunk-10-5.pdf>
Package pdftex.def Info: HCC_files/figure-latex/unnamed-chunk-10-5.pdf  used on
 input line 1058.
(pdftex.def)             Requested size: 433.63878pt x 144.54623pt.
<HCC_files/figure-latex/unnamed-chunk-10-6.pdf, id=550, 433.62pt x 144.54pt>
File: HCC_files/figure-latex/unnamed-chunk-10-6.pdf Graphic file (type pdf)
<use HCC_files/figure-latex/unnamed-chunk-10-6.pdf>
Package pdftex.def Info: HCC_files/figure-latex/unnamed-chunk-10-6.pdf  used on
 input line 1064.
(pdftex.def)             Requested size: 433.63878pt x 144.54623pt.
<HCC_files/figure-latex/unnamed-chunk-10-7.pdf, id=551, 433.62pt x 144.54pt>
File: HCC_files/figure-latex/unnamed-chunk-10-7.pdf Graphic file (type pdf)
<use HCC_files/figure-latex/unnamed-chunk-10-7.pdf>
Package pdftex.def Info: HCC_files/figure-latex/unnamed-chunk-10-7.pdf  used on
 input line 1070.
(pdftex.def)             Requested size: 433.63878pt x 144.54623pt.
<HCC_files/figure-latex/unnamed-chunk-10-8.pdf, id=552, 433.62pt x 144.54pt>
File: HCC_files/figure-latex/unnamed-chunk-10-8.pdf Graphic file (type pdf)
<use HCC_files/figure-latex/unnamed-chunk-10-8.pdf>
Package pdftex.def Info: HCC_files/figure-latex/unnamed-chunk-10-8.pdf  used on
 input line 1076.
(pdftex.def)             Requested size: 433.63878pt x 144.54623pt.
<HCC_files/figure-latex/unnamed-chunk-10-9.pdf, id=553, 433.62pt x 144.54pt>
File: HCC_files/figure-latex/unnamed-chunk-10-9.pdf Graphic file (type pdf)
<use HCC_files/figure-latex/unnamed-chunk-10-9.pdf>
Package pdftex.def Info: HCC_files/figure-latex/unnamed-chunk-10-9.pdf  used on
 input line 1080.
(pdftex.def)             Requested size: 433.63878pt x 144.54623pt.
[22 <./HCC_files/figure-latex/unnamed-chunk-10-1.pdf> <./HCC_files/figure-latex
/unnamed-chunk-10-2.pdf> <./HCC_files/figure-latex/unnamed-chunk-10-9.pdf>] [23
 <./HCC_files/figure-latex/unnamed-chunk-10-3.pdf> <./HCC_files/figure-latex/un
named-chunk-10-4.pdf> <./HCC_files/figure-latex/unnamed-chunk-10-5.pdf>] [24 <.
/HCC_files/figure-latex/unnamed-chunk-10-6.pdf> <./HCC_files/figure-latex/unnam
ed-chunk-10-7.pdf> <./HCC_files/figure-latex/unnamed-chunk-10-8.pdf>]

Package xcolor Warning: Incompatible color definition on input line 1087.


Package xcolor Warning: Incompatible color definition on input line 1117.


Package xcolor Warning: Incompatible color definition on input line 1117.

<HCC_files/figure-latex/unnamed-chunk-11-1.pdf, id=611, 433.62pt x 144.54pt>
File: HCC_files/figure-latex/unnamed-chunk-11-1.pdf Graphic file (type pdf)
<use HCC_files/figure-latex/unnamed-chunk-11-1.pdf>
Package pdftex.def Info: HCC_files/figure-latex/unnamed-chunk-11-1.pdf  used on
 input line 1121.
(pdftex.def)             Requested size: 433.63878pt x 144.54623pt.
<HCC_files/figure-latex/unnamed-chunk-11-2.pdf, id=612, 433.62pt x 144.54pt>
File: HCC_files/figure-latex/unnamed-chunk-11-2.pdf Graphic file (type pdf)
<use HCC_files/figure-latex/unnamed-chunk-11-2.pdf>
Package pdftex.def Info: HCC_files/figure-latex/unnamed-chunk-11-2.pdf  used on
 input line 1127.
(pdftex.def)             Requested size: 433.63878pt x 144.54623pt.
<HCC_files/figure-latex/unnamed-chunk-11-3.pdf, id=613, 433.62pt x 144.54pt>
File: HCC_files/figure-latex/unnamed-chunk-11-3.pdf Graphic file (type pdf)
<use HCC_files/figure-latex/unnamed-chunk-11-3.pdf>
Package pdftex.def Info: HCC_files/figure-latex/unnamed-chunk-11-3.pdf  used on
 input line 1133.
(pdftex.def)             Requested size: 433.63878pt x 144.54623pt.
<HCC_files/figure-latex/unnamed-chunk-11-4.pdf, id=614, 433.62pt x 144.54pt>
File: HCC_files/figure-latex/unnamed-chunk-11-4.pdf Graphic file (type pdf)
<use HCC_files/figure-latex/unnamed-chunk-11-4.pdf>
Package pdftex.def Info: HCC_files/figure-latex/unnamed-chunk-11-4.pdf  used on
 input line 1139.
(pdftex.def)             Requested size: 433.63878pt x 144.54623pt.
<HCC_files/figure-latex/unnamed-chunk-11-5.pdf, id=615, 433.62pt x 144.54pt>
File: HCC_files/figure-latex/unnamed-chunk-11-5.pdf Graphic file (type pdf)
<use HCC_files/figure-latex/unnamed-chunk-11-5.pdf>
Package pdftex.def Info: HCC_files/figure-latex/unnamed-chunk-11-5.pdf  used on
 input line 1145.
(pdftex.def)             Requested size: 433.63878pt x 144.54623pt.
<HCC_files/figure-latex/unnamed-chunk-11-6.pdf, id=616, 433.62pt x 144.54pt>
File: HCC_files/figure-latex/unnamed-chunk-11-6.pdf Graphic file (type pdf)
<use HCC_files/figure-latex/unnamed-chunk-11-6.pdf>
Package pdftex.def Info: HCC_files/figure-latex/unnamed-chunk-11-6.pdf  used on
 input line 1151.
(pdftex.def)             Requested size: 433.63878pt x 144.54623pt.
<HCC_files/figure-latex/unnamed-chunk-11-7.pdf, id=617, 433.62pt x 144.54pt>
File: HCC_files/figure-latex/unnamed-chunk-11-7.pdf Graphic file (type pdf)
<use HCC_files/figure-latex/unnamed-chunk-11-7.pdf>
Package pdftex.def Info: HCC_files/figure-latex/unnamed-chunk-11-7.pdf  used on
 input line 1157.
(pdftex.def)             Requested size: 433.63878pt x 144.54623pt.
<HCC_files/figure-latex/unnamed-chunk-11-8.pdf, id=618, 433.62pt x 144.54pt>
File: HCC_files/figure-latex/unnamed-chunk-11-8.pdf Graphic file (type pdf)
<use HCC_files/figure-latex/unnamed-chunk-11-8.pdf>
Package pdftex.def Info: HCC_files/figure-latex/unnamed-chunk-11-8.pdf  used on
 input line 1163.
(pdftex.def)             Requested size: 433.63878pt x 144.54623pt.
<HCC_files/figure-latex/unnamed-chunk-11-9.pdf, id=619, 433.62pt x 144.54pt>
File: HCC_files/figure-latex/unnamed-chunk-11-9.pdf Graphic file (type pdf)
<use HCC_files/figure-latex/unnamed-chunk-11-9.pdf>
Package pdftex.def Info: HCC_files/figure-latex/unnamed-chunk-11-9.pdf  used on
 input line 1169.
(pdftex.def)             Requested size: 433.63878pt x 144.54623pt.
<HCC_files/figure-latex/unnamed-chunk-11-10.pdf, id=620, 433.62pt x 144.54pt>
File: HCC_files/figure-latex/unnamed-chunk-11-10.pdf Graphic file (type pdf)
<use HCC_files/figure-latex/unnamed-chunk-11-10.pdf>
Package pdftex.def Info: HCC_files/figure-latex/unnamed-chunk-11-10.pdf  used o
n input line 1175.
(pdftex.def)             Requested size: 433.63878pt x 144.54623pt.
<HCC_files/figure-latex/unnamed-chunk-11-11.pdf, id=621, 433.62pt x 144.54pt>
File: HCC_files/figure-latex/unnamed-chunk-11-11.pdf Graphic file (type pdf)
<use HCC_files/figure-latex/unnamed-chunk-11-11.pdf>
Package pdftex.def Info: HCC_files/figure-latex/unnamed-chunk-11-11.pdf  used o
n input line 1181.
(pdftex.def)             Requested size: 433.63878pt x 144.54623pt.
<HCC_files/figure-latex/unnamed-chunk-11-12.pdf, id=622, 433.62pt x 144.54pt>
File: HCC_files/figure-latex/unnamed-chunk-11-12.pdf Graphic file (type pdf)
<use HCC_files/figure-latex/unnamed-chunk-11-12.pdf>
Package pdftex.def Info: HCC_files/figure-latex/unnamed-chunk-11-12.pdf  used o
n input line 1187.
(pdftex.def)             Requested size: 433.63878pt x 144.54623pt.
<HCC_files/figure-latex/unnamed-chunk-11-13.pdf, id=623, 433.62pt x 144.54pt>
File: HCC_files/figure-latex/unnamed-chunk-11-13.pdf Graphic file (type pdf)
<use HCC_files/figure-latex/unnamed-chunk-11-13.pdf>
Package pdftex.def Info: HCC_files/figure-latex/unnamed-chunk-11-13.pdf  used o
n input line 1193.
(pdftex.def)             Requested size: 433.63878pt x 144.54623pt.
<HCC_files/figure-latex/unnamed-chunk-11-14.pdf, id=624, 433.62pt x 144.54pt>
File: HCC_files/figure-latex/unnamed-chunk-11-14.pdf Graphic file (type pdf)
<use HCC_files/figure-latex/unnamed-chunk-11-14.pdf>
Package pdftex.def Info: HCC_files/figure-latex/unnamed-chunk-11-14.pdf  used o
n input line 1199.
(pdftex.def)             Requested size: 433.63878pt x 144.54623pt.
<HCC_files/figure-latex/unnamed-chunk-11-15.pdf, id=625, 433.62pt x 144.54pt>
File: HCC_files/figure-latex/unnamed-chunk-11-15.pdf Graphic file (type pdf)
<use HCC_files/figure-latex/unnamed-chunk-11-15.pdf>
Package pdftex.def Info: HCC_files/figure-latex/unnamed-chunk-11-15.pdf  used o
n input line 1205.
(pdftex.def)             Requested size: 433.63878pt x 144.54623pt.
<HCC_files/figure-latex/unnamed-chunk-11-16.pdf, id=626, 433.62pt x 144.54pt>
File: HCC_files/figure-latex/unnamed-chunk-11-16.pdf Graphic file (type pdf)
<use HCC_files/figure-latex/unnamed-chunk-11-16.pdf>
Package pdftex.def Info: HCC_files/figure-latex/unnamed-chunk-11-16.pdf  used o
n input line 1211.
(pdftex.def)             Requested size: 433.63878pt x 144.54623pt.
<HCC_files/figure-latex/unnamed-chunk-11-17.pdf, id=627, 433.62pt x 144.54pt>
File: HCC_files/figure-latex/unnamed-chunk-11-17.pdf Graphic file (type pdf)
<use HCC_files/figure-latex/unnamed-chunk-11-17.pdf>
Package pdftex.def Info: HCC_files/figure-latex/unnamed-chunk-11-17.pdf  used o
n input line 1217.
(pdftex.def)             Requested size: 433.63878pt x 144.54623pt.
<HCC_files/figure-latex/unnamed-chunk-11-18.pdf, id=628, 433.62pt x 144.54pt>
File: HCC_files/figure-latex/unnamed-chunk-11-18.pdf Graphic file (type pdf)
<use HCC_files/figure-latex/unnamed-chunk-11-18.pdf>
Package pdftex.def Info: HCC_files/figure-latex/unnamed-chunk-11-18.pdf  used o
n input line 1223.
(pdftex.def)             Requested size: 433.63878pt x 144.54623pt.
<HCC_files/figure-latex/unnamed-chunk-11-19.pdf, id=629, 433.62pt x 144.54pt>
File: HCC_files/figure-latex/unnamed-chunk-11-19.pdf Graphic file (type pdf)
<use HCC_files/figure-latex/unnamed-chunk-11-19.pdf>
Package pdftex.def Info: HCC_files/figure-latex/unnamed-chunk-11-19.pdf  used o
n input line 1229.
(pdftex.def)             Requested size: 433.63878pt x 144.54623pt.
<HCC_files/figure-latex/unnamed-chunk-11-20.pdf, id=630, 433.62pt x 144.54pt>
File: HCC_files/figure-latex/unnamed-chunk-11-20.pdf Graphic file (type pdf)
<use HCC_files/figure-latex/unnamed-chunk-11-20.pdf>
Package pdftex.def Info: HCC_files/figure-latex/unnamed-chunk-11-20.pdf  used o
n input line 1235.
(pdftex.def)             Requested size: 433.63878pt x 144.54623pt.
<HCC_files/figure-latex/unnamed-chunk-11-21.pdf, id=631, 433.62pt x 144.54pt>
File: HCC_files/figure-latex/unnamed-chunk-11-21.pdf Graphic file (type pdf)
<use HCC_files/figure-latex/unnamed-chunk-11-21.pdf>
Package pdftex.def Info: HCC_files/figure-latex/unnamed-chunk-11-21.pdf  used o
n input line 1241.
(pdftex.def)             Requested size: 433.63878pt x 144.54623pt.
<HCC_files/figure-latex/unnamed-chunk-11-22.pdf, id=632, 433.62pt x 144.54pt>
File: HCC_files/figure-latex/unnamed-chunk-11-22.pdf Graphic file (type pdf)
<use HCC_files/figure-latex/unnamed-chunk-11-22.pdf>
Package pdftex.def Info: HCC_files/figure-latex/unnamed-chunk-11-22.pdf  used o
n input line 1247.
(pdftex.def)             Requested size: 433.63878pt x 144.54623pt.
<HCC_files/figure-latex/unnamed-chunk-11-23.pdf, id=633, 433.62pt x 144.54pt>
File: HCC_files/figure-latex/unnamed-chunk-11-23.pdf Graphic file (type pdf)
<use HCC_files/figure-latex/unnamed-chunk-11-23.pdf>
Package pdftex.def Info: HCC_files/figure-latex/unnamed-chunk-11-23.pdf  used o
n input line 1253.
(pdftex.def)             Requested size: 433.63878pt x 144.54623pt.
<HCC_files/figure-latex/unnamed-chunk-11-24.pdf, id=634, 433.62pt x 144.54pt>
File: HCC_files/figure-latex/unnamed-chunk-11-24.pdf Graphic file (type pdf)
<use HCC_files/figure-latex/unnamed-chunk-11-24.pdf>
Package pdftex.def Info: HCC_files/figure-latex/unnamed-chunk-11-24.pdf  used o
n input line 1259.
(pdftex.def)             Requested size: 433.63878pt x 144.54623pt.
<HCC_files/figure-latex/unnamed-chunk-11-25.pdf, id=635, 433.62pt x 144.54pt>
File: HCC_files/figure-latex/unnamed-chunk-11-25.pdf Graphic file (type pdf)
<use HCC_files/figure-latex/unnamed-chunk-11-25.pdf>
Package pdftex.def Info: HCC_files/figure-latex/unnamed-chunk-11-25.pdf  used o
n input line 1265.
(pdftex.def)             Requested size: 433.63878pt x 144.54623pt.
<HCC_files/figure-latex/unnamed-chunk-11-26.pdf, id=636, 433.62pt x 144.54pt>
File: HCC_files/figure-latex/unnamed-chunk-11-26.pdf Graphic file (type pdf)
<use HCC_files/figure-latex/unnamed-chunk-11-26.pdf>
Package pdftex.def Info: HCC_files/figure-latex/unnamed-chunk-11-26.pdf  used o
n input line 1271.
(pdftex.def)             Requested size: 433.63878pt x 144.54623pt.
[25 <./HCC_files/figure-latex/unnamed-chunk-11-1.pdf>] [26 <./HCC_files/figure-
latex/unnamed-chunk-11-2.pdf> <./HCC_files/figure-latex/unnamed-chunk-11-3.pdf>
 <./HCC_files/figure-latex/unnamed-chunk-11-4.pdf>] [27 <./HCC_files/figure-lat
ex/unnamed-chunk-11-5.pdf> <./HCC_files/figure-latex/unnamed-chunk-11-6.pdf> <.
/HCC_files/figure-latex/unnamed-chunk-11-7.pdf>] [28 <./HCC_files/figure-latex/
unnamed-chunk-11-8.pdf> <./HCC_files/figure-latex/unnamed-chunk-11-9.pdf> <./HC
C_files/figure-latex/unnamed-chunk-11-10.pdf>] [29 <./HCC_files/figure-latex/un
named-chunk-11-11.pdf> <./HCC_files/figure-latex/unnamed-chunk-11-12.pdf> <./HC
C_files/figure-latex/unnamed-chunk-11-13.pdf>] [30 <./HCC_files/figure-latex/un
named-chunk-11-14.pdf> <./HCC_files/figure-latex/unnamed-chunk-11-15.pdf> <./HC
C_files/figure-latex/unnamed-chunk-11-16.pdf>] [31 <./HCC_files/figure-latex/un
named-chunk-11-17.pdf> <./HCC_files/figure-latex/unnamed-chunk-11-18.pdf> <./HC
C_files/figure-latex/unnamed-chunk-11-19.pdf>] [32 <./HCC_files/figure-latex/un
named-chunk-11-20.pdf> <./HCC_files/figure-latex/unnamed-chunk-11-21.pdf> <./HC
C_files/figure-latex/unnamed-chunk-11-22.pdf>] [33 <./HCC_files/figure-latex/un
named-chunk-11-23.pdf> <./HCC_files/figure-latex/unnamed-chunk-11-24.pdf> <./HC
C_files/figure-latex/unnamed-chunk-11-25.pdf>]

Package xcolor Warning: Incompatible color definition on input line 1291.


Package xcolor Warning: Incompatible color definition on input line 1319.


Package xcolor Warning: Incompatible color definition on input line 1319.

[34 <./HCC_files/figure-latex/unnamed-chunk-11-26.pdf>]

Package xcolor Warning: Incompatible color definition on input line 1355.


Package xcolor Warning: Incompatible color definition on input line 1373.


Package xcolor Warning: Incompatible color definition on input line 1373.

[35]

Package xcolor Warning: Incompatible color definition on input line 1416.


Package xcolor Warning: Incompatible color definition on input line 1439.


Package xcolor Warning: Incompatible color definition on input line 1439.


Package xcolor Warning: Incompatible color definition on input line 1458.


Package xcolor Warning: Incompatible color definition on input line 1486.


Package xcolor Warning: Incompatible color definition on input line 1486.


Package xcolor Warning: Incompatible color definition on input line 1486.

[36]

Package xcolor Warning: Incompatible color definition on input line 1486.


Package xcolor Warning: Incompatible color definition on input line 1486.


Package xcolor Warning: Incompatible color definition on input line 1522.


Package xcolor Warning: Incompatible color definition on input line 1558.


Package xcolor Warning: Incompatible color definition on input line 1558.


Package xcolor Warning: Incompatible color definition on input line 1558.

[37]

Package xcolor Warning: Incompatible color definition on input line 1558.


Package xcolor Warning: Incompatible color definition on input line 1558.


Package xcolor Warning: Incompatible color definition on input line 1573.


Package xcolor Warning: Incompatible color definition on input line 1580.


Package xcolor Warning: Incompatible color definition on input line 1580.

<HCC_files/figure-latex/unnamed-chunk-15-1.pdf, id=827, 1156.32pt x 1156.32pt>
File: HCC_files/figure-latex/unnamed-chunk-15-1.pdf Graphic file (type pdf)
<use HCC_files/figure-latex/unnamed-chunk-15-1.pdf>
Package pdftex.def Info: HCC_files/figure-latex/unnamed-chunk-15-1.pdf  used on
 input line 1582.
(pdftex.def)             Requested size: 469.75385pt x 469.75385pt.
[38] [39 <./HCC_files/figure-latex/unnamed-chunk-15-1.pdf>]

Package xcolor Warning: Incompatible color definition on input line 1601.


Package xcolor Warning: Incompatible color definition on input line 1616.


Package xcolor Warning: Incompatible color definition on input line 1616.

<HCC_files/figure-latex/unnamed-chunk-16-1.pdf, id=842, 216.81pt x 216.81pt>
File: HCC_files/figure-latex/unnamed-chunk-16-1.pdf Graphic file (type pdf)
<use HCC_files/figure-latex/unnamed-chunk-16-1.pdf>
Package pdftex.def Info: HCC_files/figure-latex/unnamed-chunk-16-1.pdf  used on
 input line 1620.
(pdftex.def)             Requested size: 216.81938pt x 216.81938pt.

Package xcolor Warning: Incompatible color definition on input line 1624.


Package xcolor Warning: Incompatible color definition on input line 1631.


Package xcolor Warning: Incompatible color definition on input line 1631.

[40 <./HCC_files/figure-latex/unnamed-chunk-16-1.pdf>]

Package xcolor Warning: Incompatible color definition on input line 1697.


Package xcolor Warning: Incompatible color definition on input line 1714.


Package xcolor Warning: Incompatible color definition on input line 1714.

[41]

Package xcolor Warning: Incompatible color definition on input line 1770.


Package xcolor Warning: Incompatible color definition on input line 1783.


Package xcolor Warning: Incompatible color definition on input line 1783.


Underfull \vbox (badness 10000) detected at line 1783
 []


Package xcolor Warning: Incompatible color definition on input line 1783.

[42]

Package xcolor Warning: Incompatible color definition on input line 1783.


Package xcolor Warning: Incompatible color definition on input line 1783.


Package xcolor Warning: Incompatible color definition on input line 1799.


Package xcolor Warning: Incompatible color definition on input line 1805.


Package xcolor Warning: Incompatible color definition on input line 1805.

<HCC_files/figure-latex/unnamed-chunk-17-1.pdf, id=863, 433.62pt x 289.08pt>
File: HCC_files/figure-latex/unnamed-chunk-17-1.pdf Graphic file (type pdf)
<use HCC_files/figure-latex/unnamed-chunk-17-1.pdf>
Package pdftex.def Info: HCC_files/figure-latex/unnamed-chunk-17-1.pdf  used on
 input line 1809.
(pdftex.def)             Requested size: 433.63878pt x 289.09251pt.

Package xcolor Warning: Incompatible color definition on input line 1813.


Package xcolor Warning: Incompatible color definition on input line 1818.


Package xcolor Warning: Incompatible color definition on input line 1818.


Package xcolor Warning: Incompatible color definition on input line 1823.


Package xcolor Warning: Incompatible color definition on input line 1832.


Package xcolor Warning: Incompatible color definition on input line 1832.


Package xcolor Warning: Incompatible color definition on input line 1832.

[43 <./HCC_files/figure-latex/unnamed-chunk-17-1.pdf>]

Package xcolor Warning: Incompatible color definition on input line 1832.


Package xcolor Warning: Incompatible color definition on input line 1832.

<HCC_files/figure-latex/unnamed-chunk-18-1.pdf, id=875, 433.62pt x 289.08pt>
File: HCC_files/figure-latex/unnamed-chunk-18-1.pdf Graphic file (type pdf)
<use HCC_files/figure-latex/unnamed-chunk-18-1.pdf>
Package pdftex.def Info: HCC_files/figure-latex/unnamed-chunk-18-1.pdf  used on
 input line 1836.
(pdftex.def)             Requested size: 433.63878pt x 289.09251pt.

Package xcolor Warning: Incompatible color definition on input line 1840.


Package xcolor Warning: Incompatible color definition on input line 1845.


Package xcolor Warning: Incompatible color definition on input line 1845.


Package xcolor Warning: Incompatible color definition on input line 1861.


Package xcolor Warning: Incompatible color definition on input line 1867.


Package xcolor Warning: Incompatible color definition on input line 1867.

[44 <./HCC_files/figure-latex/unnamed-chunk-18-1.pdf>]

Package xcolor Warning: Incompatible color definition on input line 1916.


Package xcolor Warning: Incompatible color definition on input line 1929.


Package xcolor Warning: Incompatible color definition on input line 1929.


Package xcolor Warning: Incompatible color definition on input line 1945.


Package xcolor Warning: Incompatible color definition on input line 1951.


Package xcolor Warning: Incompatible color definition on input line 1951.


Overfull \vbox (0.9343pt too high) detected at line 1951
 []


Package xcolor Warning: Incompatible color definition on input line 1951.

[45]

Package xcolor Warning: Incompatible color definition on input line 1951.


Package xcolor Warning: Incompatible color definition on input line 1951.

<HCC_files/figure-latex/unnamed-chunk-20-1.pdf, id=889, 433.62pt x 289.08pt>
File: HCC_files/figure-latex/unnamed-chunk-20-1.pdf Graphic file (type pdf)
<use HCC_files/figure-latex/unnamed-chunk-20-1.pdf>
Package pdftex.def Info: HCC_files/figure-latex/unnamed-chunk-20-1.pdf  used on
 input line 1955.
(pdftex.def)             Requested size: 433.63878pt x 289.09251pt.

Package xcolor Warning: Incompatible color definition on input line 1959.


Package xcolor Warning: Incompatible color definition on input line 1964.


Package xcolor Warning: Incompatible color definition on input line 1964.


Package xcolor Warning: Incompatible color definition on input line 1969.


Package xcolor Warning: Incompatible color definition on input line 1978.


Package xcolor Warning: Incompatible color definition on input line 1978.

<HCC_files/figure-latex/unnamed-chunk-21-1.pdf, id=890, 433.62pt x 289.08pt>
File: HCC_files/figure-latex/unnamed-chunk-21-1.pdf Graphic file (type pdf)
<use HCC_files/figure-latex/unnamed-chunk-21-1.pdf>
Package pdftex.def Info: HCC_files/figure-latex/unnamed-chunk-21-1.pdf  used on
 input line 1982.
(pdftex.def)             Requested size: 433.63878pt x 289.09251pt.

Package xcolor Warning: Incompatible color definition on input line 1986.


Package xcolor Warning: Incompatible color definition on input line 1991.


Package xcolor Warning: Incompatible color definition on input line 1991.

[46 <./HCC_files/figure-latex/unnamed-chunk-20-1.pdf>] [47 <./HCC_files/figure-
latex/unnamed-chunk-21-1.pdf>]

Package xcolor Warning: Incompatible color definition on input line 2040.


Package xcolor Warning: Incompatible color definition on input line 2052.


Package xcolor Warning: Incompatible color definition on input line 2052.

Package atveryend Info: Empty hook `BeforeClearDocument' on input line 2070.
[48]
Package atveryend Info: Empty hook `AfterLastShipout' on input line 2070.
(HCC.aux)
Package atveryend Info: Executing hook `AtVeryEndDocument' on input line 2070.
Package atveryend Info: Executing hook `AtEndAfterFileList' on input line 2070.

Package rerunfilecheck Info: File `HCC.out' has not changed.
(rerunfilecheck)             Checksum: C844B1CC81651BD48ED287C83B24FC7D;5758.

LaTeX Warning: There were multiply-defined labels.

Package atveryend Info: Empty hook `AtVeryVeryEnd' on input line 2070.
 ) 
Here is how much of TeX's memory you used:
 16324 strings out of 492973
 259009 string characters out of 3126692
 369484 words of memory out of 3000000
 19672 multiletter control sequences out of 15000+200000
 51702 words of font info for 86 fonts, out of 3000000 for 9000
 1141 hyphenation exceptions out of 8191
 45i,10n,43p,593b,461s stack positions out of 5000i,500n,10000p,200000b,50000s
{C:/Users/David/AppData/Local/Programs/MiKTeX 2.9/fonts/enc/dvips/lm/lm-ts1.e
nc}{C:/Users/David/AppData/Local/Programs/MiKTeX 2.9/fonts/enc/dvips/lm/lm-ec.e
nc}<C:/Users/David/AppData/Local/Programs/MiKTeX 2.9/fonts/type1/public/lm/lmbx
10.pfb><C:/Users/David/AppData/Local/Programs/MiKTeX 2.9/fonts/type1/public/lm/
lmbx12.pfb><C:/Users/David/AppData/Local/Programs/MiKTeX 2.9/fonts/type1/public
/lm/lmr10.pfb><C:/Users/David/AppData/Local/Programs/MiKTeX 2.9/fonts/type1/pub
lic/lm/lmr17.pfb><C:/Users/David/AppData/Local/Programs/MiKTeX 2.9/fonts/type1/
public/lm/lmri10.pfb><C:/Users/David/AppData/Local/Programs/MiKTeX 2.9/fonts/ty
pe1/public/lm/lmri12.pfb><C:/Users/David/AppData/Local/Programs/MiKTeX 2.9/font
s/type1/public/lm/lmtk10.pfb><C:/Users/David/AppData/Local/Programs/MiKTeX 2.9/
fonts/type1/public/lm/lmtt10.pfb><C:/Users/David/AppData/Local/Programs/MiKTeX 
2.9/fonts/type1/public/lm/lmtti10.pfb>
Output written on HCC.pdf (48 pages, 710050 bytes).
PDF statistics:
 990 PDF objects out of 1000 (max. 8388607)
 180 named destinations out of 1000 (max. 500000)
 10777 words of extra memory for PDF output out of 12000 (max. 10000000)

